






Started logging.

>>>
Content-Length: 2160

{"method":"initialize","params":{"processId":8904,"rootPath":"C:\\Users\\NEXT\\AppData\\Local\\Temp\\arduino-language-server858546987\\sketch","rootUri":"file:///C:/Users/NEXT/AppData/Local/Temp/arduino-language-server858546987/sketch","clientInfo":{"name":"vscode","version":"1.50.0"},"trace":"off","initializationOptions":{},"capabilities":{"workspace":{"workspaceEdit":{"documentChanges":true,"resourceOperations":["create","rename","delete"]},"applyEdit":true,"symbol":{"symbolKind":{"valueSet":[1,2,3,4,5,6,7,8,9,10,11,12,13,14,15,16,17,18,19,20,21,22,23,24,25,26]}},"executeCommand":{"dynamicRegistration":true},"didChangeWatchedFiles":{"dynamicRegistration":true},"workspaceFolders":true,"configuration":true},"textDocument":{"declaration":{"linkSupport":true},"definition":{"linkSupport":true},"implementation":{"linkSupport":true,"dynamicRegistration":true},"typeDefinition":{"linkSupport":true},"synchronization":{"willSave":true,"didSave":true,"willSaveWaitUntil":true},"documentSymbol":{"symbolKind":{"valueSet":[1,2,3,4,5,6,7,8,9,10,11,12,13,14,15,16,17,18,19,20,21,22,23,24,25,26]},"hierarchicalDocumentSymbolSupport":true},"formatting":{"dynamicRegistration":true},"rangeFormatting":{"dynamicRegistration":true},"rename":{"dynamicRegistration":true,"prepareSupport":true},"codeAction":{"dynamicRegistration":true,"isPreferredSupport":true,"codeActionLiteralSupport":{"codeActionKind":{"valueSet":["","quickfix","refactor","refactor.extract","refactor.inline","refactor.rewrite","source","source.organizeImports"]}}},"completion":{"completionItem":{"documentationFormat":["markdown","plaintext"],"snippetSupport":true},"completionItemKind":{"valueSet":[1,2,3,4,5,6,7,8,9,10,11,12,13,14,15,16,17,18,19,20,21,22,23,24,25]},"contextSupport":true},"signatureHelp":{"signatureInformation":{"parameterInformation":{"labelOffsetSupport":true}}},"documentLink":{"dynamicRegistration":true,"tooltipSupport":true},"hover":{"contentFormat":["markdown","plaintext"]},"foldingRange":{"dynamicRegistration":true,"rangeLimit":5000,"lineFoldingOnly":true},"colorProvider":{"dynamicRegistration":true}},"window":{"workDoneProgress":true}}},"id":0,"jsonrpc":"2.0"}
<<<
Content-Length: 1671

{"id":0,"jsonrpc":"2.0","result":{"capabilities":{"astProvider":true,"callHierarchyProvider":true,"codeActionProvider":{"codeActionKinds":["quickfix","refactor","info"]},"compilationDatabase":{"automaticReload":true},"completionProvider":{"allCommitCharacters":[" ","\t","(",")","[","]","{","}","<",">",":",";",",","+","-","/","*","%","^","&","#","?",".","=","\"","'","|"],"resolveProvider":false,"triggerCharacters":[".","<",">",":","\"","/"]},"declarationProvider":true,"definitionProvider":true,"documentFormattingProvider":true,"documentHighlightProvider":true,"documentLinkProvider":{"resolveProvider":false},"documentOnTypeFormattingProvider":{"firstTriggerCharacter":"\n","moreTriggerCharacter":[]},"documentRangeFormattingProvider":true,"documentSymbolProvider":true,"executeCommandProvider":{"commands":["clangd.applyFix","clangd.applyTweak"]},"hoverProvider":true,"implementationProvider":true,"memoryUsageProvider":true,"referencesProvider":true,"renameProvider":{"prepareProvider":true},"selectionRangeProvider":true,"semanticTokensProvider":{"full":{"delta":true},"legend":{"tokenModifiers":[],"tokenTypes":["variable","variable","parameter","function","method","function","property","variable","class","enum","enumMember","type","dependent","dependent","namespace","typeParameter","concept","type","macro","comment"]},"range":false},"signatureHelpProvider":{"triggerCharacters":["(",","]},"textDocumentSync":{"change":2,"openClose":true,"save":true},"typeHierarchyProvider":true,"workspaceSymbolProvider":true},"serverInfo":{"name":"clangd","version":"clangd version 12.0.0 (https://github.com/llvm/llvm-project e841bd5f335864b8c4d81cbf4df08460ef39f2ae)"}}}
>>>
Content-Length: 52

{"method":"initialized","params":{},"jsonrpc":"2.0"}Content-Length: 2867

{"method":"textDocument/didOpen","params":{"textDocument":{"uri":"file:///C:/Users/NEXT/AppData/Local/Temp/arduino-language-server858546987/sketch/Multitasking_usando_delay___-_Arduino_720P_HD__12.ino.cpp","languageId":"cpp","version":1,"text":"#include \u003cArduino.h\u003e\n#line 1 \"C:\\\\Users\\\\NEXT\\\\Documents\\\\Arduino\\\\Multitasking_usando_delay___-_Arduino_720P_HD__12\\\\Multitasking_usando_delay___-_Arduino_720P_HD__12.ino\"\n#define pinLed 6\n#define pinLed2 7\n#define pinBtn 5\nint count = 0;\nint count2 = 0;\n\n#line 7 \"C:\\\\Users\\\\NEXT\\\\Documents\\\\Arduino\\\\Multitasking_usando_delay___-_Arduino_720P_HD__12\\\\Multitasking_usando_delay___-_Arduino_720P_HD__12.ino\"\nvoid setup();\n#line 19 \"C:\\\\Users\\\\NEXT\\\\Documents\\\\Arduino\\\\Multitasking_usando_delay___-_Arduino_720P_HD__12\\\\Multitasking_usando_delay___-_Arduino_720P_HD__12.ino\"\nvoid loop();\n#line 36 \"C:\\\\Users\\\\NEXT\\\\Documents\\\\Arduino\\\\Multitasking_usando_delay___-_Arduino_720P_HD__12\\\\Multitasking_usando_delay___-_Arduino_720P_HD__12.ino\"\nvoid lecturaBtn();\n#line 41 \"C:\\\\Users\\\\NEXT\\\\Documents\\\\Arduino\\\\Multitasking_usando_delay___-_Arduino_720P_HD__12\\\\Multitasking_usando_delay___-_Arduino_720P_HD__12.ino\"\nvoid ledAzul();\n#line 47 \"C:\\\\Users\\\\NEXT\\\\Documents\\\\Arduino\\\\Multitasking_usando_delay___-_Arduino_720P_HD__12\\\\Multitasking_usando_delay___-_Arduino_720P_HD__12.ino\"\nvoid ledRojo();\n#line 7 \"C:\\\\Users\\\\NEXT\\\\Documents\\\\Arduino\\\\Multitasking_usando_delay___-_Arduino_720P_HD__12\\\\Multitasking_usando_delay___-_Arduino_720P_HD__12.ino\"\nvoid setup() {\n  // put your setup code here, to run once:\n  Serial.begin(9600);\n  pinMode(pinLed, OUTPUT );\n  pinMode(pinLed2, OUTPUT );\n  pinMode(pinBtn, INPUT );// pinMode(pinBtn, INPUT_PULLUP ); si no quiero poner resitencia\n\n  digitalWrite(pinLed, HIGH);\n  delay(1000);\n  digitalWrite(pinLed, LOW);\n}\n\nvoid loop() {\n  // put your main code here, to run repeatedly:\n  count++;\n  count2++;\n  delay(10);\n\n  lecturaBtn();\n\n  \n  if(count == 100){\n   ledAzul();\n  }\n  if(count2 == 50){\n    ledRojo();\n  }\n}\n\nvoid lecturaBtn(){\n  int lectura = digitalRead(pinBtn);\n  Serial.println(lectura);\n}\n\nvoid ledAzul(){\n  int estadoLed = digitalRead(pinLed);//lee estado led actual\n   digitalWrite(pinLed, !estadoLed);//escribir estado led pero invertido si es 0 lee 1\n   count = 0;//resetear a cero\n}\n\nvoid ledRojo(){\n  int estadoLed = digitalRead(pinLed2);//lee estado led actual\n   digitalWrite(pinLed2, !estadoLed);//escribir estado led pero invertido si es 0 lee 1\n   count2 = 0;//resetear a cero\n}\n/*\n *int lectura = digitalRead(pinBtn);\n  Serial.println(lectura);\n  delay(100);\n\n  \n  digitalWrite(pinLed, 1);\n  delay(1000);\n  digitalWrite(pinLed, 0);\n  delay(1000);\n */\n\n"}},"jsonrpc":"2.0"}Content-Length: 238

{"method":"textDocument/documentSymbol","params":{"textDocument":{"uri":"file:///C:/Users/NEXT/AppData/Local/Temp/arduino-language-server858546987/sketch/Multitasking_usando_delay___-_Arduino_720P_HD__12.ino.cpp"}},"id":1,"jsonrpc":"2.0"}Content-Length: 337

{"method":"textDocument/codeAction","params":{"textDocument":{"uri":"file:///C:/Users/NEXT/AppData/Local/Temp/arduino-language-server858546987/sketch/Multitasking_usando_delay___-_Arduino_720P_HD__12.ino.cpp"},"range":{"start":{"line":2,"character":0},"end":{"line":2,"character":0}},"context":{"diagnostics":[]}},"id":2,"jsonrpc":"2.0"}
<<<
Content-Length: 111

{"id":0,"jsonrpc":"2.0","method":"window/workDoneProgress/create","params":{"token":"backgroundIndexProgress"}}
>>>
Content-Length: 38

{"id":0,"result":null,"jsonrpc":"2.0"}
<<<
Content-Length: 143

{"jsonrpc":"2.0","method":"$/progress","params":{"token":"backgroundIndexProgress","value":{"kind":"begin","percentage":0,"title":"indexing"}}}Content-Length: 159

{"jsonrpc":"2.0","method":"$/progress","params":{"token":"backgroundIndexProgress","value":{"kind":"report","message":"1/27","percentage":3.7037037037037037}}}Content-Length: 247

{"jsonrpc":"2.0","method":"textDocument/publishDiagnostics","params":{"diagnostics":[],"uri":"file:///C:/Users/NEXT/AppData/Local/Temp/arduino-language-server858546987/sketch/Multitasking_usando_delay___-_Arduino_720P_HD__12.ino.cpp","version":1}}Content-Length: 2312

{"id":1,"jsonrpc":"2.0","result":[{"kind":13,"name":"count","range":{"end":{"character":13,"line":5},"start":{"character":0,"line":5}},"selectionRange":{"end":{"character":9,"line":5},"start":{"character":4,"line":5}}},{"kind":13,"name":"count2","range":{"end":{"character":14,"line":6},"start":{"character":0,"line":6}},"selectionRange":{"end":{"character":10,"line":6},"start":{"character":4,"line":6}}},{"kind":12,"name":"setup","range":{"end":{"character":12,"line":9},"start":{"character":0,"line":9}},"selectionRange":{"end":{"character":10,"line":9},"start":{"character":5,"line":9}}},{"kind":12,"name":"loop","range":{"end":{"character":11,"line":11},"start":{"character":0,"line":11}},"selectionRange":{"end":{"character":9,"line":11},"start":{"character":5,"line":11}}},{"kind":12,"name":"lecturaBtn","range":{"end":{"character":17,"line":13},"start":{"character":0,"line":13}},"selectionRange":{"end":{"character":15,"line":13},"start":{"character":5,"line":13}}},{"kind":12,"name":"ledAzul","range":{"end":{"character":14,"line":15},"start":{"character":0,"line":15}},"selectionRange":{"end":{"character":12,"line":15},"start":{"character":5,"line":15}}},{"kind":12,"name":"ledRojo","range":{"end":{"character":14,"line":17},"start":{"character":0,"line":17}},"selectionRange":{"end":{"character":12,"line":17},"start":{"character":5,"line":17}}},{"kind":12,"name":"setup","range":{"end":{"character":1,"line":29},"start":{"character":0,"line":19}},"selectionRange":{"end":{"character":10,"line":19},"start":{"character":5,"line":19}}},{"kind":12,"name":"loop","range":{"end":{"character":1,"line":46},"start":{"character":0,"line":31}},"selectionRange":{"end":{"character":9,"line":31},"start":{"character":5,"line":31}}},{"kind":12,"name":"lecturaBtn","range":{"end":{"character":1,"line":51},"start":{"character":0,"line":48}},"selectionRange":{"end":{"character":15,"line":48},"start":{"character":5,"line":48}}},{"kind":12,"name":"ledAzul","range":{"end":{"character":1,"line":57},"start":{"character":0,"line":53}},"selectionRange":{"end":{"character":12,"line":53},"start":{"character":5,"line":53}}},{"kind":12,"name":"ledRojo","range":{"end":{"character":1,"line":63},"start":{"character":0,"line":59}},"selectionRange":{"end":{"character":12,"line":59},"start":{"character":5,"line":59}}}]}Content-Length: 36

{"id":2,"jsonrpc":"2.0","result":[]}Content-Length: 159

{"jsonrpc":"2.0","method":"$/progress","params":{"token":"backgroundIndexProgress","value":{"kind":"report","message":"2/27","percentage":7.4074074074074074}}}Content-Length: 159

{"jsonrpc":"2.0","method":"$/progress","params":{"token":"backgroundIndexProgress","value":{"kind":"report","message":"2/27","percentage":7.4074074074074074}}}Content-Length: 159

{"jsonrpc":"2.0","method":"$/progress","params":{"token":"backgroundIndexProgress","value":{"kind":"report","message":"3/27","percentage":11.111111111111111}}}Content-Length: 159

{"jsonrpc":"2.0","method":"$/progress","params":{"token":"backgroundIndexProgress","value":{"kind":"report","message":"3/27","percentage":11.111111111111111}}}Content-Length: 159

{"jsonrpc":"2.0","method":"$/progress","params":{"token":"backgroundIndexProgress","value":{"kind":"report","message":"4/27","percentage":14.814814814814815}}}Content-Length: 159

{"jsonrpc":"2.0","method":"$/progress","params":{"token":"backgroundIndexProgress","value":{"kind":"report","message":"4/27","percentage":14.814814814814815}}}Content-Length: 159

{"jsonrpc":"2.0","method":"$/progress","params":{"token":"backgroundIndexProgress","value":{"kind":"report","message":"5/27","percentage":18.518518518518519}}}Content-Length: 159

{"jsonrpc":"2.0","method":"$/progress","params":{"token":"backgroundIndexProgress","value":{"kind":"report","message":"5/27","percentage":18.518518518518519}}}Content-Length: 159

{"jsonrpc":"2.0","method":"$/progress","params":{"token":"backgroundIndexProgress","value":{"kind":"report","message":"6/27","percentage":22.222222222222221}}}Content-Length: 159

{"jsonrpc":"2.0","method":"$/progress","params":{"token":"backgroundIndexProgress","value":{"kind":"report","message":"6/27","percentage":22.222222222222221}}}Content-Length: 159

{"jsonrpc":"2.0","method":"$/progress","params":{"token":"backgroundIndexProgress","value":{"kind":"report","message":"7/27","percentage":25.925925925925927}}}Content-Length: 159

{"jsonrpc":"2.0","method":"$/progress","params":{"token":"backgroundIndexProgress","value":{"kind":"report","message":"7/27","percentage":25.925925925925927}}}
>>>
Content-Length: 341

{"method":"textDocument/codeAction","params":{"textDocument":{"uri":"file:///C:/Users/NEXT/AppData/Local/Temp/arduino-language-server858546987/sketch/Multitasking_usando_delay___-_Arduino_720P_HD__12.ino.cpp"},"range":{"start":{"line":35,"character":12},"end":{"line":35,"character":12}},"context":{"diagnostics":[]}},"id":3,"jsonrpc":"2.0"}
<<<
Content-Length: 36

{"id":3,"jsonrpc":"2.0","result":[]}Content-Length: 158

{"jsonrpc":"2.0","method":"$/progress","params":{"token":"backgroundIndexProgress","value":{"kind":"report","message":"8/27","percentage":29.62962962962963}}}Content-Length: 158

{"jsonrpc":"2.0","method":"$/progress","params":{"token":"backgroundIndexProgress","value":{"kind":"report","message":"8/27","percentage":29.62962962962963}}}Content-Length: 159

{"jsonrpc":"2.0","method":"$/progress","params":{"token":"backgroundIndexProgress","value":{"kind":"report","message":"9/27","percentage":33.333333333333336}}}Content-Length: 159

{"jsonrpc":"2.0","method":"$/progress","params":{"token":"backgroundIndexProgress","value":{"kind":"report","message":"9/27","percentage":33.333333333333336}}}Content-Length: 160

{"jsonrpc":"2.0","method":"$/progress","params":{"token":"backgroundIndexProgress","value":{"kind":"report","message":"10/27","percentage":37.037037037037038}}}Content-Length: 160

{"jsonrpc":"2.0","method":"$/progress","params":{"token":"backgroundIndexProgress","value":{"kind":"report","message":"10/27","percentage":37.037037037037038}}}Content-Length: 159

{"jsonrpc":"2.0","method":"$/progress","params":{"token":"backgroundIndexProgress","value":{"kind":"report","message":"11/27","percentage":40.74074074074074}}}Content-Length: 159

{"jsonrpc":"2.0","method":"$/progress","params":{"token":"backgroundIndexProgress","value":{"kind":"report","message":"11/27","percentage":40.74074074074074}}}Content-Length: 160

{"jsonrpc":"2.0","method":"$/progress","params":{"token":"backgroundIndexProgress","value":{"kind":"report","message":"12/27","percentage":44.444444444444443}}}Content-Length: 160

{"jsonrpc":"2.0","method":"$/progress","params":{"token":"backgroundIndexProgress","value":{"kind":"report","message":"12/27","percentage":44.444444444444443}}}Content-Length: 160

{"jsonrpc":"2.0","method":"$/progress","params":{"token":"backgroundIndexProgress","value":{"kind":"report","message":"13/27","percentage":48.148148148148145}}}Content-Length: 160

{"jsonrpc":"2.0","method":"$/progress","params":{"token":"backgroundIndexProgress","value":{"kind":"report","message":"13/27","percentage":48.148148148148145}}}Content-Length: 160

{"jsonrpc":"2.0","method":"$/progress","params":{"token":"backgroundIndexProgress","value":{"kind":"report","message":"14/27","percentage":51.851851851851855}}}Content-Length: 160

{"jsonrpc":"2.0","method":"$/progress","params":{"token":"backgroundIndexProgress","value":{"kind":"report","message":"14/27","percentage":51.851851851851855}}}Content-Length: 160

{"jsonrpc":"2.0","method":"$/progress","params":{"token":"backgroundIndexProgress","value":{"kind":"report","message":"15/27","percentage":55.555555555555557}}}Content-Length: 160

{"jsonrpc":"2.0","method":"$/progress","params":{"token":"backgroundIndexProgress","value":{"kind":"report","message":"15/27","percentage":55.555555555555557}}}Content-Length: 159

{"jsonrpc":"2.0","method":"$/progress","params":{"token":"backgroundIndexProgress","value":{"kind":"report","message":"16/27","percentage":59.25925925925926}}}Content-Length: 159

{"jsonrpc":"2.0","method":"$/progress","params":{"token":"backgroundIndexProgress","value":{"kind":"report","message":"16/27","percentage":59.25925925925926}}}Content-Length: 160

{"jsonrpc":"2.0","method":"$/progress","params":{"token":"backgroundIndexProgress","value":{"kind":"report","message":"17/27","percentage":62.962962962962962}}}Content-Length: 160

{"jsonrpc":"2.0","method":"$/progress","params":{"token":"backgroundIndexProgress","value":{"kind":"report","message":"17/27","percentage":62.962962962962962}}}Content-Length: 160

{"jsonrpc":"2.0","method":"$/progress","params":{"token":"backgroundIndexProgress","value":{"kind":"report","message":"18/27","percentage":66.666666666666671}}}Content-Length: 160

{"jsonrpc":"2.0","method":"$/progress","params":{"token":"backgroundIndexProgress","value":{"kind":"report","message":"18/27","percentage":66.666666666666671}}}Content-Length: 160

{"jsonrpc":"2.0","method":"$/progress","params":{"token":"backgroundIndexProgress","value":{"kind":"report","message":"19/27","percentage":70.370370370370367}}}Content-Length: 160

{"jsonrpc":"2.0","method":"$/progress","params":{"token":"backgroundIndexProgress","value":{"kind":"report","message":"19/27","percentage":70.370370370370367}}}Content-Length: 160

{"jsonrpc":"2.0","method":"$/progress","params":{"token":"backgroundIndexProgress","value":{"kind":"report","message":"20/27","percentage":74.074074074074076}}}Content-Length: 160

{"jsonrpc":"2.0","method":"$/progress","params":{"token":"backgroundIndexProgress","value":{"kind":"report","message":"20/27","percentage":74.074074074074076}}}Content-Length: 160

{"jsonrpc":"2.0","method":"$/progress","params":{"token":"backgroundIndexProgress","value":{"kind":"report","message":"21/27","percentage":77.777777777777771}}}Content-Length: 160

{"jsonrpc":"2.0","method":"$/progress","params":{"token":"backgroundIndexProgress","value":{"kind":"report","message":"21/27","percentage":77.777777777777771}}}
>>>
Content-Length: 267

{"method":"textDocument/hover","params":{"textDocument":{"uri":"file:///C:/Users/NEXT/AppData/Local/Temp/arduino-language-server858546987/sketch/Multitasking_usando_delay___-_Arduino_720P_HD__12.ino.cpp"},"position":{"line":55,"character":31}},"id":4,"jsonrpc":"2.0"}
<<<
Content-Length: 295

{"id":4,"jsonrpc":"2.0","result":{"contents":{"kind":"markdown","value":"### variable `estadoLed`  \n\n---\nType: `int`  \nlee estado led actual  \n\n---\n```cpp\n// In ledAzul\nint estadoLed = digitalRead(6)\n```"},"range":{"end":{"character":34,"line":55},"start":{"character":25,"line":55}}}}Content-Length: 160

{"jsonrpc":"2.0","method":"$/progress","params":{"token":"backgroundIndexProgress","value":{"kind":"report","message":"22/27","percentage":81.481481481481481}}}Content-Length: 160

{"jsonrpc":"2.0","method":"$/progress","params":{"token":"backgroundIndexProgress","value":{"kind":"report","message":"22/27","percentage":81.481481481481481}}}Content-Length: 159

{"jsonrpc":"2.0","method":"$/progress","params":{"token":"backgroundIndexProgress","value":{"kind":"report","message":"23/27","percentage":85.18518518518519}}}Content-Length: 159

{"jsonrpc":"2.0","method":"$/progress","params":{"token":"backgroundIndexProgress","value":{"kind":"report","message":"23/27","percentage":85.18518518518519}}}Content-Length: 160

{"jsonrpc":"2.0","method":"$/progress","params":{"token":"backgroundIndexProgress","value":{"kind":"report","message":"24/27","percentage":88.888888888888886}}}Content-Length: 160

{"jsonrpc":"2.0","method":"$/progress","params":{"token":"backgroundIndexProgress","value":{"kind":"report","message":"25/27","percentage":92.592592592592595}}}Content-Length: 160

{"jsonrpc":"2.0","method":"$/progress","params":{"token":"backgroundIndexProgress","value":{"kind":"report","message":"26/27","percentage":96.296296296296291}}}
>>>
Content-Length: 267

{"method":"textDocument/hover","params":{"textDocument":{"uri":"file:///C:/Users/NEXT/AppData/Local/Temp/arduino-language-server858546987/sketch/Multitasking_usando_delay___-_Arduino_720P_HD__12.ino.cpp"},"position":{"line":61,"character":32}},"id":5,"jsonrpc":"2.0"}
<<<
Content-Length: 295

{"id":5,"jsonrpc":"2.0","result":{"contents":{"kind":"markdown","value":"### variable `estadoLed`  \n\n---\nType: `int`  \nlee estado led actual  \n\n---\n```cpp\n// In ledRojo\nint estadoLed = digitalRead(7)\n```"},"range":{"end":{"character":35,"line":61},"start":{"character":26,"line":61}}}}Content-Length: 107

{"jsonrpc":"2.0","method":"$/progress","params":{"token":"backgroundIndexProgress","value":{"kind":"end"}}}
>>>
Content-Length: 267

{"method":"textDocument/hover","params":{"textDocument":{"uri":"file:///C:/Users/NEXT/AppData/Local/Temp/arduino-language-server858546987/sketch/Multitasking_usando_delay___-_Arduino_720P_HD__12.ino.cpp"},"position":{"line":61,"character":25}},"id":6,"jsonrpc":"2.0"}
<<<
Content-Length: 38

{"id":6,"jsonrpc":"2.0","result":null}
>>>
Content-Length: 267

{"method":"textDocument/hover","params":{"textDocument":{"uri":"file:///C:/Users/NEXT/AppData/Local/Temp/arduino-language-server858546987/sketch/Multitasking_usando_delay___-_Arduino_720P_HD__12.ino.cpp"},"position":{"line":54,"character":18}},"id":7,"jsonrpc":"2.0"}
<<<
Content-Length: 285

{"id":7,"jsonrpc":"2.0","result":{"contents":{"kind":"markdown","value":"### function `digitalRead`  \n\n---\n→ `int`  \nParameters:  \n- `uint8_t pin`\n\n---\n```cpp\nint digitalRead(uint8_t pin)\n```"},"range":{"end":{"character":29,"line":54},"start":{"character":18,"line":54}}}}
>>>
Content-Length: 267

{"method":"textDocument/hover","params":{"textDocument":{"uri":"file:///C:/Users/NEXT/AppData/Local/Temp/arduino-language-server858546987/sketch/Multitasking_usando_delay___-_Arduino_720P_HD__12.ino.cpp"},"position":{"line":66,"character":16}},"id":8,"jsonrpc":"2.0"}
<<<
Content-Length: 38

{"id":8,"jsonrpc":"2.0","result":null}
>>>
Content-Length: 267

{"method":"textDocument/hover","params":{"textDocument":{"uri":"file:///C:/Users/NEXT/AppData/Local/Temp/arduino-language-server858546987/sketch/Multitasking_usando_delay___-_Arduino_720P_HD__12.ino.cpp"},"position":{"line":66,"character":16}},"id":9,"jsonrpc":"2.0"}
<<<
Content-Length: 38

{"id":9,"jsonrpc":"2.0","result":null}
>>>
Content-Length: 267

{"method":"textDocument/hover","params":{"textDocument":{"uri":"file:///C:/Users/NEXT/AppData/Local/Temp/arduino-language-server858546987/sketch/Multitasking_usando_delay___-_Arduino_720P_HD__12.ino.cpp"},"position":{"line":33,"character":6}},"id":10,"jsonrpc":"2.0"}
<<<
Content-Length: 248

{"id":10,"jsonrpc":"2.0","result":{"contents":{"kind":"markdown","value":"### variable `count`  \n\n---\nType: `int`  \nValue = `0`  \n\n---\n```cpp\nint count = 0\n```"},"range":{"end":{"character":7,"line":33},"start":{"character":2,"line":33}}}}
>>>
Content-Length: 268

{"method":"textDocument/hover","params":{"textDocument":{"uri":"file:///C:/Users/NEXT/AppData/Local/Temp/arduino-language-server858546987/sketch/Multitasking_usando_delay___-_Arduino_720P_HD__12.ino.cpp"},"position":{"line":26,"character":27}},"id":11,"jsonrpc":"2.0"}
<<<
Content-Length: 212

{"id":11,"jsonrpc":"2.0","result":{"contents":{"kind":"markdown","value":"### macro `HIGH`  \n\n---\n```cpp\n#define HIGH 0x1\n```"},"range":{"end":{"character":27,"line":26},"start":{"character":23,"line":26}}}}
>>>
Content-Length: 268

{"method":"textDocument/hover","params":{"textDocument":{"uri":"file:///C:/Users/NEXT/AppData/Local/Temp/arduino-language-server858546987/sketch/Multitasking_usando_delay___-_Arduino_720P_HD__12.ino.cpp"},"position":{"line":26,"character":26}},"id":12,"jsonrpc":"2.0"}
<<<
Content-Length: 212

{"id":12,"jsonrpc":"2.0","result":{"contents":{"kind":"markdown","value":"### macro `HIGH`  \n\n---\n```cpp\n#define HIGH 0x1\n```"},"range":{"end":{"character":27,"line":26},"start":{"character":23,"line":26}}}}
>>>
Content-Length: 268

{"method":"textDocument/hover","params":{"textDocument":{"uri":"file:///C:/Users/NEXT/AppData/Local/Temp/arduino-language-server858546987/sketch/Multitasking_usando_delay___-_Arduino_720P_HD__12.ino.cpp"},"position":{"line":28,"character":23}},"id":13,"jsonrpc":"2.0"}
<<<
Content-Length: 210

{"id":13,"jsonrpc":"2.0","result":{"contents":{"kind":"markdown","value":"### macro `LOW`  \n\n---\n```cpp\n#define LOW 0x0\n```"},"range":{"end":{"character":26,"line":28},"start":{"character":23,"line":28}}}}
>>>
Content-Length: 59

{"method":"shutdown","params":null,"id":14,"jsonrpc":"2.0"}
<<<
Content-Length: 39

{"id":14,"jsonrpc":"2.0","result":null}
>>>
Content-Length: 47

{"method":"exit","params":null,"jsonrpc":"2.0"}<<< Read Error: EOF







Started logging.

>>>
Content-Length: 2160

{"method":"initialize","params":{"processId":7796,"rootPath":"C:\\Users\\NEXT\\AppData\\Local\\Temp\\arduino-language-server103709915\\sketch","rootUri":"file:///C:/Users/NEXT/AppData/Local/Temp/arduino-language-server103709915/sketch","clientInfo":{"name":"vscode","version":"1.50.0"},"trace":"off","initializationOptions":{},"capabilities":{"workspace":{"workspaceEdit":{"documentChanges":true,"resourceOperations":["create","rename","delete"]},"applyEdit":true,"symbol":{"symbolKind":{"valueSet":[1,2,3,4,5,6,7,8,9,10,11,12,13,14,15,16,17,18,19,20,21,22,23,24,25,26]}},"executeCommand":{"dynamicRegistration":true},"didChangeWatchedFiles":{"dynamicRegistration":true},"workspaceFolders":true,"configuration":true},"textDocument":{"declaration":{"linkSupport":true},"definition":{"linkSupport":true},"implementation":{"linkSupport":true,"dynamicRegistration":true},"typeDefinition":{"linkSupport":true},"synchronization":{"willSave":true,"didSave":true,"willSaveWaitUntil":true},"documentSymbol":{"symbolKind":{"valueSet":[1,2,3,4,5,6,7,8,9,10,11,12,13,14,15,16,17,18,19,20,21,22,23,24,25,26]},"hierarchicalDocumentSymbolSupport":true},"formatting":{"dynamicRegistration":true},"rangeFormatting":{"dynamicRegistration":true},"rename":{"dynamicRegistration":true,"prepareSupport":true},"codeAction":{"dynamicRegistration":true,"isPreferredSupport":true,"codeActionLiteralSupport":{"codeActionKind":{"valueSet":["","quickfix","refactor","refactor.extract","refactor.inline","refactor.rewrite","source","source.organizeImports"]}}},"completion":{"completionItem":{"documentationFormat":["markdown","plaintext"],"snippetSupport":true},"completionItemKind":{"valueSet":[1,2,3,4,5,6,7,8,9,10,11,12,13,14,15,16,17,18,19,20,21,22,23,24,25]},"contextSupport":true},"signatureHelp":{"signatureInformation":{"parameterInformation":{"labelOffsetSupport":true}}},"documentLink":{"dynamicRegistration":true,"tooltipSupport":true},"hover":{"contentFormat":["markdown","plaintext"]},"foldingRange":{"dynamicRegistration":true,"rangeLimit":5000,"lineFoldingOnly":true},"colorProvider":{"dynamicRegistration":true}},"window":{"workDoneProgress":true}}},"id":0,"jsonrpc":"2.0"}
<<<
Content-Length: 1671

{"id":0,"jsonrpc":"2.0","result":{"capabilities":{"astProvider":true,"callHierarchyProvider":true,"codeActionProvider":{"codeActionKinds":["quickfix","refactor","info"]},"compilationDatabase":{"automaticReload":true},"completionProvider":{"allCommitCharacters":[" ","\t","(",")","[","]","{","}","<",">",":",";",",","+","-","/","*","%","^","&","#","?",".","=","\"","'","|"],"resolveProvider":false,"triggerCharacters":[".","<",">",":","\"","/"]},"declarationProvider":true,"definitionProvider":true,"documentFormattingProvider":true,"documentHighlightProvider":true,"documentLinkProvider":{"resolveProvider":false},"documentOnTypeFormattingProvider":{"firstTriggerCharacter":"\n","moreTriggerCharacter":[]},"documentRangeFormattingProvider":true,"documentSymbolProvider":true,"executeCommandProvider":{"commands":["clangd.applyFix","clangd.applyTweak"]},"hoverProvider":true,"implementationProvider":true,"memoryUsageProvider":true,"referencesProvider":true,"renameProvider":{"prepareProvider":true},"selectionRangeProvider":true,"semanticTokensProvider":{"full":{"delta":true},"legend":{"tokenModifiers":[],"tokenTypes":["variable","variable","parameter","function","method","function","property","variable","class","enum","enumMember","type","dependent","dependent","namespace","typeParameter","concept","type","macro","comment"]},"range":false},"signatureHelpProvider":{"triggerCharacters":["(",","]},"textDocumentSync":{"change":2,"openClose":true,"save":true},"typeHierarchyProvider":true,"workspaceSymbolProvider":true},"serverInfo":{"name":"clangd","version":"clangd version 12.0.0 (https://github.com/llvm/llvm-project e841bd5f335864b8c4d81cbf4df08460ef39f2ae)"}}}
>>>
Content-Length: 52

{"method":"initialized","params":{},"jsonrpc":"2.0"}Content-Length: 2867

{"method":"textDocument/didOpen","params":{"textDocument":{"uri":"file:///C:/Users/NEXT/AppData/Local/Temp/arduino-language-server103709915/sketch/Multitasking_usando_delay___-_Arduino_720P_HD__12.ino.cpp","languageId":"cpp","version":1,"text":"#include \u003cArduino.h\u003e\n#line 1 \"C:\\\\Users\\\\NEXT\\\\Documents\\\\Arduino\\\\Multitasking_usando_delay___-_Arduino_720P_HD__12\\\\Multitasking_usando_delay___-_Arduino_720P_HD__12.ino\"\n#define pinLed 6\n#define pinLed2 7\n#define pinBtn 5\nint count = 0;\nint count2 = 0;\n\n#line 7 \"C:\\\\Users\\\\NEXT\\\\Documents\\\\Arduino\\\\Multitasking_usando_delay___-_Arduino_720P_HD__12\\\\Multitasking_usando_delay___-_Arduino_720P_HD__12.ino\"\nvoid setup();\n#line 19 \"C:\\\\Users\\\\NEXT\\\\Documents\\\\Arduino\\\\Multitasking_usando_delay___-_Arduino_720P_HD__12\\\\Multitasking_usando_delay___-_Arduino_720P_HD__12.ino\"\nvoid loop();\n#line 36 \"C:\\\\Users\\\\NEXT\\\\Documents\\\\Arduino\\\\Multitasking_usando_delay___-_Arduino_720P_HD__12\\\\Multitasking_usando_delay___-_Arduino_720P_HD__12.ino\"\nvoid lecturaBtn();\n#line 41 \"C:\\\\Users\\\\NEXT\\\\Documents\\\\Arduino\\\\Multitasking_usando_delay___-_Arduino_720P_HD__12\\\\Multitasking_usando_delay___-_Arduino_720P_HD__12.ino\"\nvoid ledAzul();\n#line 47 \"C:\\\\Users\\\\NEXT\\\\Documents\\\\Arduino\\\\Multitasking_usando_delay___-_Arduino_720P_HD__12\\\\Multitasking_usando_delay___-_Arduino_720P_HD__12.ino\"\nvoid ledRojo();\n#line 7 \"C:\\\\Users\\\\NEXT\\\\Documents\\\\Arduino\\\\Multitasking_usando_delay___-_Arduino_720P_HD__12\\\\Multitasking_usando_delay___-_Arduino_720P_HD__12.ino\"\nvoid setup() {\n  // put your setup code here, to run once:\n  Serial.begin(9600);\n  pinMode(pinLed, OUTPUT );\n  pinMode(pinLed2, OUTPUT );\n  pinMode(pinBtn, INPUT );// pinMode(pinBtn, INPUT_PULLUP ); si no quiero poner resitencia\n\n  digitalWrite(pinLed, HIGH);\n  delay(1000);\n  digitalWrite(pinLed, LOW);\n}\n\nvoid loop() {\n  // put your main code here, to run repeatedly:\n  count++;\n  count2++;\n  delay(10);\n\n  lecturaBtn();\n\n  \n  if(count == 100){\n   ledAzul();\n  }\n  if(count2 == 50){\n    ledRojo();\n  }\n}\n\nvoid lecturaBtn(){\n  int lectura = digitalRead(pinBtn);\n  Serial.println(lectura);\n}\n\nvoid ledAzul(){\n  int estadoLed = digitalRead(pinLed);//lee estado led actual\n   digitalWrite(pinLed, !estadoLed);//escribir estado led pero invertido si es 0 lee 1\n   count = 0;//resetear a cero\n}\n\nvoid ledRojo(){\n  int estadoLed = digitalRead(pinLed2);//lee estado led actual\n   digitalWrite(pinLed2, !estadoLed);//escribir estado led pero invertido si es 0 lee 1\n   count2 = 0;//resetear a cero\n}\n/*\n *int lectura = digitalRead(pinBtn);\n  Serial.println(lectura);\n  delay(100);\n\n  \n  digitalWrite(pinLed, 1);\n  delay(1000);\n  digitalWrite(pinLed, 0);\n  delay(1000);\n */\n\n"}},"jsonrpc":"2.0"}Content-Length: 341

{"method":"textDocument/codeAction","params":{"textDocument":{"uri":"file:///C:/Users/NEXT/AppData/Local/Temp/arduino-language-server103709915/sketch/Multitasking_usando_delay___-_Arduino_720P_HD__12.ino.cpp"},"range":{"start":{"line":35,"character":12},"end":{"line":35,"character":12}},"context":{"diagnostics":[]}},"id":1,"jsonrpc":"2.0"}Content-Length: 238

{"method":"textDocument/documentSymbol","params":{"textDocument":{"uri":"file:///C:/Users/NEXT/AppData/Local/Temp/arduino-language-server103709915/sketch/Multitasking_usando_delay___-_Arduino_720P_HD__12.ino.cpp"}},"id":2,"jsonrpc":"2.0"}
<<<
Content-Length: 111

{"id":0,"jsonrpc":"2.0","method":"window/workDoneProgress/create","params":{"token":"backgroundIndexProgress"}}
>>>
Content-Length: 38

{"id":0,"result":null,"jsonrpc":"2.0"}
<<<
Content-Length: 143

{"jsonrpc":"2.0","method":"$/progress","params":{"token":"backgroundIndexProgress","value":{"kind":"begin","percentage":0,"title":"indexing"}}}Content-Length: 141

{"jsonrpc":"2.0","method":"$/progress","params":{"token":"backgroundIndexProgress","value":{"kind":"report","message":"0/1","percentage":0}}}Content-Length: 142

{"jsonrpc":"2.0","method":"$/progress","params":{"token":"backgroundIndexProgress","value":{"kind":"report","message":"0/27","percentage":0}}}Content-Length: 142

{"jsonrpc":"2.0","method":"$/progress","params":{"token":"backgroundIndexProgress","value":{"kind":"report","message":"0/27","percentage":0}}}Content-Length: 142

{"jsonrpc":"2.0","method":"$/progress","params":{"token":"backgroundIndexProgress","value":{"kind":"report","message":"0/27","percentage":0}}}Content-Length: 159

{"jsonrpc":"2.0","method":"$/progress","params":{"token":"backgroundIndexProgress","value":{"kind":"report","message":"1/27","percentage":3.7037037037037037}}}Content-Length: 159

{"jsonrpc":"2.0","method":"$/progress","params":{"token":"backgroundIndexProgress","value":{"kind":"report","message":"1/27","percentage":3.7037037037037037}}}Content-Length: 159

{"jsonrpc":"2.0","method":"$/progress","params":{"token":"backgroundIndexProgress","value":{"kind":"report","message":"1/27","percentage":3.7037037037037037}}}Content-Length: 247

{"jsonrpc":"2.0","method":"textDocument/publishDiagnostics","params":{"diagnostics":[],"uri":"file:///C:/Users/NEXT/AppData/Local/Temp/arduino-language-server103709915/sketch/Multitasking_usando_delay___-_Arduino_720P_HD__12.ino.cpp","version":1}}Content-Length: 36

{"id":1,"jsonrpc":"2.0","result":[]}Content-Length: 2312

{"id":2,"jsonrpc":"2.0","result":[{"kind":13,"name":"count","range":{"end":{"character":13,"line":5},"start":{"character":0,"line":5}},"selectionRange":{"end":{"character":9,"line":5},"start":{"character":4,"line":5}}},{"kind":13,"name":"count2","range":{"end":{"character":14,"line":6},"start":{"character":0,"line":6}},"selectionRange":{"end":{"character":10,"line":6},"start":{"character":4,"line":6}}},{"kind":12,"name":"setup","range":{"end":{"character":12,"line":9},"start":{"character":0,"line":9}},"selectionRange":{"end":{"character":10,"line":9},"start":{"character":5,"line":9}}},{"kind":12,"name":"loop","range":{"end":{"character":11,"line":11},"start":{"character":0,"line":11}},"selectionRange":{"end":{"character":9,"line":11},"start":{"character":5,"line":11}}},{"kind":12,"name":"lecturaBtn","range":{"end":{"character":17,"line":13},"start":{"character":0,"line":13}},"selectionRange":{"end":{"character":15,"line":13},"start":{"character":5,"line":13}}},{"kind":12,"name":"ledAzul","range":{"end":{"character":14,"line":15},"start":{"character":0,"line":15}},"selectionRange":{"end":{"character":12,"line":15},"start":{"character":5,"line":15}}},{"kind":12,"name":"ledRojo","range":{"end":{"character":14,"line":17},"start":{"character":0,"line":17}},"selectionRange":{"end":{"character":12,"line":17},"start":{"character":5,"line":17}}},{"kind":12,"name":"setup","range":{"end":{"character":1,"line":29},"start":{"character":0,"line":19}},"selectionRange":{"end":{"character":10,"line":19},"start":{"character":5,"line":19}}},{"kind":12,"name":"loop","range":{"end":{"character":1,"line":46},"start":{"character":0,"line":31}},"selectionRange":{"end":{"character":9,"line":31},"start":{"character":5,"line":31}}},{"kind":12,"name":"lecturaBtn","range":{"end":{"character":1,"line":51},"start":{"character":0,"line":48}},"selectionRange":{"end":{"character":15,"line":48},"start":{"character":5,"line":48}}},{"kind":12,"name":"ledAzul","range":{"end":{"character":1,"line":57},"start":{"character":0,"line":53}},"selectionRange":{"end":{"character":12,"line":53},"start":{"character":5,"line":53}}},{"kind":12,"name":"ledRojo","range":{"end":{"character":1,"line":63},"start":{"character":0,"line":59}},"selectionRange":{"end":{"character":12,"line":59},"start":{"character":5,"line":59}}}]}Content-Length: 159

{"jsonrpc":"2.0","method":"$/progress","params":{"token":"backgroundIndexProgress","value":{"kind":"report","message":"2/27","percentage":7.4074074074074074}}}Content-Length: 159

{"jsonrpc":"2.0","method":"$/progress","params":{"token":"backgroundIndexProgress","value":{"kind":"report","message":"2/27","percentage":7.4074074074074074}}}Content-Length: 159

{"jsonrpc":"2.0","method":"$/progress","params":{"token":"backgroundIndexProgress","value":{"kind":"report","message":"3/27","percentage":11.111111111111111}}}Content-Length: 159

{"jsonrpc":"2.0","method":"$/progress","params":{"token":"backgroundIndexProgress","value":{"kind":"report","message":"3/27","percentage":11.111111111111111}}}Content-Length: 159

{"jsonrpc":"2.0","method":"$/progress","params":{"token":"backgroundIndexProgress","value":{"kind":"report","message":"4/27","percentage":14.814814814814815}}}Content-Length: 159

{"jsonrpc":"2.0","method":"$/progress","params":{"token":"backgroundIndexProgress","value":{"kind":"report","message":"4/27","percentage":14.814814814814815}}}Content-Length: 159

{"jsonrpc":"2.0","method":"$/progress","params":{"token":"backgroundIndexProgress","value":{"kind":"report","message":"5/27","percentage":18.518518518518519}}}Content-Length: 159

{"jsonrpc":"2.0","method":"$/progress","params":{"token":"backgroundIndexProgress","value":{"kind":"report","message":"5/27","percentage":18.518518518518519}}}Content-Length: 159

{"jsonrpc":"2.0","method":"$/progress","params":{"token":"backgroundIndexProgress","value":{"kind":"report","message":"6/27","percentage":22.222222222222221}}}Content-Length: 159

{"jsonrpc":"2.0","method":"$/progress","params":{"token":"backgroundIndexProgress","value":{"kind":"report","message":"6/27","percentage":22.222222222222221}}}Content-Length: 159

{"jsonrpc":"2.0","method":"$/progress","params":{"token":"backgroundIndexProgress","value":{"kind":"report","message":"7/27","percentage":25.925925925925927}}}Content-Length: 159

{"jsonrpc":"2.0","method":"$/progress","params":{"token":"backgroundIndexProgress","value":{"kind":"report","message":"7/27","percentage":25.925925925925927}}}Content-Length: 158

{"jsonrpc":"2.0","method":"$/progress","params":{"token":"backgroundIndexProgress","value":{"kind":"report","message":"8/27","percentage":29.62962962962963}}}Content-Length: 158

{"jsonrpc":"2.0","method":"$/progress","params":{"token":"backgroundIndexProgress","value":{"kind":"report","message":"8/27","percentage":29.62962962962963}}}Content-Length: 159

{"jsonrpc":"2.0","method":"$/progress","params":{"token":"backgroundIndexProgress","value":{"kind":"report","message":"9/27","percentage":33.333333333333336}}}Content-Length: 159

{"jsonrpc":"2.0","method":"$/progress","params":{"token":"backgroundIndexProgress","value":{"kind":"report","message":"9/27","percentage":33.333333333333336}}}Content-Length: 160

{"jsonrpc":"2.0","method":"$/progress","params":{"token":"backgroundIndexProgress","value":{"kind":"report","message":"10/27","percentage":37.037037037037038}}}Content-Length: 160

{"jsonrpc":"2.0","method":"$/progress","params":{"token":"backgroundIndexProgress","value":{"kind":"report","message":"10/27","percentage":37.037037037037038}}}Content-Length: 159

{"jsonrpc":"2.0","method":"$/progress","params":{"token":"backgroundIndexProgress","value":{"kind":"report","message":"11/27","percentage":40.74074074074074}}}Content-Length: 159

{"jsonrpc":"2.0","method":"$/progress","params":{"token":"backgroundIndexProgress","value":{"kind":"report","message":"11/27","percentage":40.74074074074074}}}Content-Length: 160

{"jsonrpc":"2.0","method":"$/progress","params":{"token":"backgroundIndexProgress","value":{"kind":"report","message":"12/27","percentage":44.444444444444443}}}Content-Length: 160

{"jsonrpc":"2.0","method":"$/progress","params":{"token":"backgroundIndexProgress","value":{"kind":"report","message":"12/27","percentage":44.444444444444443}}}Content-Length: 160

{"jsonrpc":"2.0","method":"$/progress","params":{"token":"backgroundIndexProgress","value":{"kind":"report","message":"13/27","percentage":48.148148148148145}}}Content-Length: 160

{"jsonrpc":"2.0","method":"$/progress","params":{"token":"backgroundIndexProgress","value":{"kind":"report","message":"13/27","percentage":48.148148148148145}}}Content-Length: 160

{"jsonrpc":"2.0","method":"$/progress","params":{"token":"backgroundIndexProgress","value":{"kind":"report","message":"14/27","percentage":51.851851851851855}}}Content-Length: 160

{"jsonrpc":"2.0","method":"$/progress","params":{"token":"backgroundIndexProgress","value":{"kind":"report","message":"14/27","percentage":51.851851851851855}}}Content-Length: 160

{"jsonrpc":"2.0","method":"$/progress","params":{"token":"backgroundIndexProgress","value":{"kind":"report","message":"15/27","percentage":55.555555555555557}}}Content-Length: 160

{"jsonrpc":"2.0","method":"$/progress","params":{"token":"backgroundIndexProgress","value":{"kind":"report","message":"15/27","percentage":55.555555555555557}}}Content-Length: 159

{"jsonrpc":"2.0","method":"$/progress","params":{"token":"backgroundIndexProgress","value":{"kind":"report","message":"16/27","percentage":59.25925925925926}}}Content-Length: 159

{"jsonrpc":"2.0","method":"$/progress","params":{"token":"backgroundIndexProgress","value":{"kind":"report","message":"16/27","percentage":59.25925925925926}}}Content-Length: 160

{"jsonrpc":"2.0","method":"$/progress","params":{"token":"backgroundIndexProgress","value":{"kind":"report","message":"17/27","percentage":62.962962962962962}}}Content-Length: 160

{"jsonrpc":"2.0","method":"$/progress","params":{"token":"backgroundIndexProgress","value":{"kind":"report","message":"17/27","percentage":62.962962962962962}}}Content-Length: 160

{"jsonrpc":"2.0","method":"$/progress","params":{"token":"backgroundIndexProgress","value":{"kind":"report","message":"18/27","percentage":66.666666666666671}}}Content-Length: 160

{"jsonrpc":"2.0","method":"$/progress","params":{"token":"backgroundIndexProgress","value":{"kind":"report","message":"18/27","percentage":66.666666666666671}}}Content-Length: 160

{"jsonrpc":"2.0","method":"$/progress","params":{"token":"backgroundIndexProgress","value":{"kind":"report","message":"19/27","percentage":70.370370370370367}}}Content-Length: 160

{"jsonrpc":"2.0","method":"$/progress","params":{"token":"backgroundIndexProgress","value":{"kind":"report","message":"19/27","percentage":70.370370370370367}}}Content-Length: 160

{"jsonrpc":"2.0","method":"$/progress","params":{"token":"backgroundIndexProgress","value":{"kind":"report","message":"20/27","percentage":74.074074074074076}}}Content-Length: 160

{"jsonrpc":"2.0","method":"$/progress","params":{"token":"backgroundIndexProgress","value":{"kind":"report","message":"20/27","percentage":74.074074074074076}}}Content-Length: 160

{"jsonrpc":"2.0","method":"$/progress","params":{"token":"backgroundIndexProgress","value":{"kind":"report","message":"21/27","percentage":77.777777777777771}}}Content-Length: 160

{"jsonrpc":"2.0","method":"$/progress","params":{"token":"backgroundIndexProgress","value":{"kind":"report","message":"21/27","percentage":77.777777777777771}}}Content-Length: 160

{"jsonrpc":"2.0","method":"$/progress","params":{"token":"backgroundIndexProgress","value":{"kind":"report","message":"22/27","percentage":81.481481481481481}}}Content-Length: 160

{"jsonrpc":"2.0","method":"$/progress","params":{"token":"backgroundIndexProgress","value":{"kind":"report","message":"22/27","percentage":81.481481481481481}}}Content-Length: 159

{"jsonrpc":"2.0","method":"$/progress","params":{"token":"backgroundIndexProgress","value":{"kind":"report","message":"23/27","percentage":85.18518518518519}}}Content-Length: 159

{"jsonrpc":"2.0","method":"$/progress","params":{"token":"backgroundIndexProgress","value":{"kind":"report","message":"23/27","percentage":85.18518518518519}}}Content-Length: 160

{"jsonrpc":"2.0","method":"$/progress","params":{"token":"backgroundIndexProgress","value":{"kind":"report","message":"24/27","percentage":88.888888888888886}}}Content-Length: 160

{"jsonrpc":"2.0","method":"$/progress","params":{"token":"backgroundIndexProgress","value":{"kind":"report","message":"25/27","percentage":92.592592592592595}}}Content-Length: 160

{"jsonrpc":"2.0","method":"$/progress","params":{"token":"backgroundIndexProgress","value":{"kind":"report","message":"26/27","percentage":96.296296296296291}}}Content-Length: 107

{"jsonrpc":"2.0","method":"$/progress","params":{"token":"backgroundIndexProgress","value":{"kind":"end"}}}
>>>
Content-Length: 339

{"method":"textDocument/codeAction","params":{"textDocument":{"uri":"file:///C:/Users/NEXT/AppData/Local/Temp/arduino-language-server103709915/sketch/Multitasking_usando_delay___-_Arduino_720P_HD__12.ino.cpp"},"range":{"start":{"line":51,"character":1},"end":{"line":51,"character":1}},"context":{"diagnostics":[]}},"id":3,"jsonrpc":"2.0"}
<<<
Content-Length: 36

{"id":3,"jsonrpc":"2.0","result":[]}
>>>
Content-Length: 267

{"method":"textDocument/hover","params":{"textDocument":{"uri":"file:///C:/Users/NEXT/AppData/Local/Temp/arduino-language-server103709915/sketch/Multitasking_usando_delay___-_Arduino_720P_HD__12.ino.cpp"},"position":{"line":54,"character":48}},"id":4,"jsonrpc":"2.0"}
<<<
Content-Length: 38

{"id":4,"jsonrpc":"2.0","result":null}
>>>
Content-Length: 341

{"method":"textDocument/codeAction","params":{"textDocument":{"uri":"file:///C:/Users/NEXT/AppData/Local/Temp/arduino-language-server103709915/sketch/Multitasking_usando_delay___-_Arduino_720P_HD__12.ino.cpp"},"range":{"start":{"line":65,"character":36},"end":{"line":65,"character":36}},"context":{"diagnostics":[]}},"id":5,"jsonrpc":"2.0"}
<<<
Content-Length: 36

{"id":5,"jsonrpc":"2.0","result":[]}
>>>
Content-Length: 58

{"method":"shutdown","params":null,"id":6,"jsonrpc":"2.0"}
<<<
Content-Length: 38

{"id":6,"jsonrpc":"2.0","result":null}
>>>
Content-Length: 47

{"method":"exit","params":null,"jsonrpc":"2.0"}<<< Read Error: EOF







Started logging.

>>>
Content-Length: 2160

{"method":"initialize","params":{"processId":1700,"rootPath":"C:\\Users\\NEXT\\AppData\\Local\\Temp\\arduino-language-server610470603\\sketch","rootUri":"file:///C:/Users/NEXT/AppData/Local/Temp/arduino-language-server610470603/sketch","clientInfo":{"name":"vscode","version":"1.50.0"},"trace":"off","initializationOptions":{},"capabilities":{"workspace":{"workspaceEdit":{"documentChanges":true,"resourceOperations":["create","rename","delete"]},"applyEdit":true,"symbol":{"symbolKind":{"valueSet":[1,2,3,4,5,6,7,8,9,10,11,12,13,14,15,16,17,18,19,20,21,22,23,24,25,26]}},"executeCommand":{"dynamicRegistration":true},"didChangeWatchedFiles":{"dynamicRegistration":true},"workspaceFolders":true,"configuration":true},"textDocument":{"declaration":{"linkSupport":true},"definition":{"linkSupport":true},"implementation":{"linkSupport":true,"dynamicRegistration":true},"typeDefinition":{"linkSupport":true},"synchronization":{"willSave":true,"didSave":true,"willSaveWaitUntil":true},"documentSymbol":{"symbolKind":{"valueSet":[1,2,3,4,5,6,7,8,9,10,11,12,13,14,15,16,17,18,19,20,21,22,23,24,25,26]},"hierarchicalDocumentSymbolSupport":true},"formatting":{"dynamicRegistration":true},"rangeFormatting":{"dynamicRegistration":true},"rename":{"dynamicRegistration":true,"prepareSupport":true},"codeAction":{"dynamicRegistration":true,"isPreferredSupport":true,"codeActionLiteralSupport":{"codeActionKind":{"valueSet":["","quickfix","refactor","refactor.extract","refactor.inline","refactor.rewrite","source","source.organizeImports"]}}},"completion":{"completionItem":{"documentationFormat":["markdown","plaintext"],"snippetSupport":true},"completionItemKind":{"valueSet":[1,2,3,4,5,6,7,8,9,10,11,12,13,14,15,16,17,18,19,20,21,22,23,24,25]},"contextSupport":true},"signatureHelp":{"signatureInformation":{"parameterInformation":{"labelOffsetSupport":true}}},"documentLink":{"dynamicRegistration":true,"tooltipSupport":true},"hover":{"contentFormat":["markdown","plaintext"]},"foldingRange":{"dynamicRegistration":true,"rangeLimit":5000,"lineFoldingOnly":true},"colorProvider":{"dynamicRegistration":true}},"window":{"workDoneProgress":true}}},"id":0,"jsonrpc":"2.0"}
<<<
Content-Length: 1671

{"id":0,"jsonrpc":"2.0","result":{"capabilities":{"astProvider":true,"callHierarchyProvider":true,"codeActionProvider":{"codeActionKinds":["quickfix","refactor","info"]},"compilationDatabase":{"automaticReload":true},"completionProvider":{"allCommitCharacters":[" ","\t","(",")","[","]","{","}","<",">",":",";",",","+","-","/","*","%","^","&","#","?",".","=","\"","'","|"],"resolveProvider":false,"triggerCharacters":[".","<",">",":","\"","/"]},"declarationProvider":true,"definitionProvider":true,"documentFormattingProvider":true,"documentHighlightProvider":true,"documentLinkProvider":{"resolveProvider":false},"documentOnTypeFormattingProvider":{"firstTriggerCharacter":"\n","moreTriggerCharacter":[]},"documentRangeFormattingProvider":true,"documentSymbolProvider":true,"executeCommandProvider":{"commands":["clangd.applyFix","clangd.applyTweak"]},"hoverProvider":true,"implementationProvider":true,"memoryUsageProvider":true,"referencesProvider":true,"renameProvider":{"prepareProvider":true},"selectionRangeProvider":true,"semanticTokensProvider":{"full":{"delta":true},"legend":{"tokenModifiers":[],"tokenTypes":["variable","variable","parameter","function","method","function","property","variable","class","enum","enumMember","type","dependent","dependent","namespace","typeParameter","concept","type","macro","comment"]},"range":false},"signatureHelpProvider":{"triggerCharacters":["(",","]},"textDocumentSync":{"change":2,"openClose":true,"save":true},"typeHierarchyProvider":true,"workspaceSymbolProvider":true},"serverInfo":{"name":"clangd","version":"clangd version 12.0.0 (https://github.com/llvm/llvm-project e841bd5f335864b8c4d81cbf4df08460ef39f2ae)"}}}
>>>
Content-Length: 52

{"method":"initialized","params":{},"jsonrpc":"2.0"}Content-Length: 2867

{"method":"textDocument/didOpen","params":{"textDocument":{"uri":"file:///C:/Users/NEXT/AppData/Local/Temp/arduino-language-server610470603/sketch/Multitasking_usando_delay___-_Arduino_720P_HD__12.ino.cpp","languageId":"cpp","version":1,"text":"#include \u003cArduino.h\u003e\n#line 1 \"C:\\\\Users\\\\NEXT\\\\Documents\\\\Arduino\\\\Multitasking_usando_delay___-_Arduino_720P_HD__12\\\\Multitasking_usando_delay___-_Arduino_720P_HD__12.ino\"\n#define pinLed 6\n#define pinLed2 7\n#define pinBtn 5\nint count = 0;\nint count2 = 0;\n\n#line 7 \"C:\\\\Users\\\\NEXT\\\\Documents\\\\Arduino\\\\Multitasking_usando_delay___-_Arduino_720P_HD__12\\\\Multitasking_usando_delay___-_Arduino_720P_HD__12.ino\"\nvoid setup();\n#line 19 \"C:\\\\Users\\\\NEXT\\\\Documents\\\\Arduino\\\\Multitasking_usando_delay___-_Arduino_720P_HD__12\\\\Multitasking_usando_delay___-_Arduino_720P_HD__12.ino\"\nvoid loop();\n#line 36 \"C:\\\\Users\\\\NEXT\\\\Documents\\\\Arduino\\\\Multitasking_usando_delay___-_Arduino_720P_HD__12\\\\Multitasking_usando_delay___-_Arduino_720P_HD__12.ino\"\nvoid lecturaBtn();\n#line 41 \"C:\\\\Users\\\\NEXT\\\\Documents\\\\Arduino\\\\Multitasking_usando_delay___-_Arduino_720P_HD__12\\\\Multitasking_usando_delay___-_Arduino_720P_HD__12.ino\"\nvoid ledAzul();\n#line 47 \"C:\\\\Users\\\\NEXT\\\\Documents\\\\Arduino\\\\Multitasking_usando_delay___-_Arduino_720P_HD__12\\\\Multitasking_usando_delay___-_Arduino_720P_HD__12.ino\"\nvoid ledRojo();\n#line 7 \"C:\\\\Users\\\\NEXT\\\\Documents\\\\Arduino\\\\Multitasking_usando_delay___-_Arduino_720P_HD__12\\\\Multitasking_usando_delay___-_Arduino_720P_HD__12.ino\"\nvoid setup() {\n  // put your setup code here, to run once:\n  Serial.begin(9600);\n  pinMode(pinLed, OUTPUT );\n  pinMode(pinLed2, OUTPUT );\n  pinMode(pinBtn, INPUT );// pinMode(pinBtn, INPUT_PULLUP ); si no quiero poner resitencia\n\n  digitalWrite(pinLed, HIGH);\n  delay(1000);\n  digitalWrite(pinLed, LOW);\n}\n\nvoid loop() {\n  // put your main code here, to run repeatedly:\n  count++;\n  count2++;\n  delay(10);\n\n  lecturaBtn();\n\n  \n  if(count == 100){\n   ledAzul();\n  }\n  if(count2 == 50){\n    ledRojo();\n  }\n}\n\nvoid lecturaBtn(){\n  int lectura = digitalRead(pinBtn);\n  Serial.println(lectura);\n}\n\nvoid ledAzul(){\n  int estadoLed = digitalRead(pinLed);//lee estado led actual\n   digitalWrite(pinLed, !estadoLed);//escribir estado led pero invertido si es 0 lee 1\n   count = 0;//resetear a cero\n}\n\nvoid ledRojo(){\n  int estadoLed = digitalRead(pinLed2);//lee estado led actual\n   digitalWrite(pinLed2, !estadoLed);//escribir estado led pero invertido si es 0 lee 1\n   count2 = 0;//resetear a cero\n}\n/*\n *int lectura = digitalRead(pinBtn);\n  Serial.println(lectura);\n  delay(100);\n\n  \n  digitalWrite(pinLed, 1);\n  delay(1000);\n  digitalWrite(pinLed, 0);\n  delay(1000);\n */\n\n"}},"jsonrpc":"2.0"}
<<<
Content-Length: 111

{"id":0,"jsonrpc":"2.0","method":"window/workDoneProgress/create","params":{"token":"backgroundIndexProgress"}}
>>>
Content-Length: 38

{"id":0,"result":null,"jsonrpc":"2.0"}Content-Length: 238

{"method":"textDocument/documentSymbol","params":{"textDocument":{"uri":"file:///C:/Users/NEXT/AppData/Local/Temp/arduino-language-server610470603/sketch/Multitasking_usando_delay___-_Arduino_720P_HD__12.ino.cpp"}},"id":1,"jsonrpc":"2.0"}Content-Length: 341

{"method":"textDocument/codeAction","params":{"textDocument":{"uri":"file:///C:/Users/NEXT/AppData/Local/Temp/arduino-language-server610470603/sketch/Multitasking_usando_delay___-_Arduino_720P_HD__12.ino.cpp"},"range":{"start":{"line":65,"character":36},"end":{"line":65,"character":36}},"context":{"diagnostics":[]}},"id":2,"jsonrpc":"2.0"}
<<<
Content-Length: 143

{"jsonrpc":"2.0","method":"$/progress","params":{"token":"backgroundIndexProgress","value":{"kind":"begin","percentage":0,"title":"indexing"}}}Content-Length: 141

{"jsonrpc":"2.0","method":"$/progress","params":{"token":"backgroundIndexProgress","value":{"kind":"report","message":"0/1","percentage":0}}}Content-Length: 142

{"jsonrpc":"2.0","method":"$/progress","params":{"token":"backgroundIndexProgress","value":{"kind":"report","message":"0/27","percentage":0}}}Content-Length: 142

{"jsonrpc":"2.0","method":"$/progress","params":{"token":"backgroundIndexProgress","value":{"kind":"report","message":"0/27","percentage":0}}}Content-Length: 142

{"jsonrpc":"2.0","method":"$/progress","params":{"token":"backgroundIndexProgress","value":{"kind":"report","message":"0/27","percentage":0}}}Content-Length: 159

{"jsonrpc":"2.0","method":"$/progress","params":{"token":"backgroundIndexProgress","value":{"kind":"report","message":"1/27","percentage":3.7037037037037037}}}Content-Length: 159

{"jsonrpc":"2.0","method":"$/progress","params":{"token":"backgroundIndexProgress","value":{"kind":"report","message":"1/27","percentage":3.7037037037037037}}}Content-Length: 159

{"jsonrpc":"2.0","method":"$/progress","params":{"token":"backgroundIndexProgress","value":{"kind":"report","message":"1/27","percentage":3.7037037037037037}}}Content-Length: 247

{"jsonrpc":"2.0","method":"textDocument/publishDiagnostics","params":{"diagnostics":[],"uri":"file:///C:/Users/NEXT/AppData/Local/Temp/arduino-language-server610470603/sketch/Multitasking_usando_delay___-_Arduino_720P_HD__12.ino.cpp","version":1}}Content-Length: 2312

{"id":1,"jsonrpc":"2.0","result":[{"kind":13,"name":"count","range":{"end":{"character":13,"line":5},"start":{"character":0,"line":5}},"selectionRange":{"end":{"character":9,"line":5},"start":{"character":4,"line":5}}},{"kind":13,"name":"count2","range":{"end":{"character":14,"line":6},"start":{"character":0,"line":6}},"selectionRange":{"end":{"character":10,"line":6},"start":{"character":4,"line":6}}},{"kind":12,"name":"setup","range":{"end":{"character":12,"line":9},"start":{"character":0,"line":9}},"selectionRange":{"end":{"character":10,"line":9},"start":{"character":5,"line":9}}},{"kind":12,"name":"loop","range":{"end":{"character":11,"line":11},"start":{"character":0,"line":11}},"selectionRange":{"end":{"character":9,"line":11},"start":{"character":5,"line":11}}},{"kind":12,"name":"lecturaBtn","range":{"end":{"character":17,"line":13},"start":{"character":0,"line":13}},"selectionRange":{"end":{"character":15,"line":13},"start":{"character":5,"line":13}}},{"kind":12,"name":"ledAzul","range":{"end":{"character":14,"line":15},"start":{"character":0,"line":15}},"selectionRange":{"end":{"character":12,"line":15},"start":{"character":5,"line":15}}},{"kind":12,"name":"ledRojo","range":{"end":{"character":14,"line":17},"start":{"character":0,"line":17}},"selectionRange":{"end":{"character":12,"line":17},"start":{"character":5,"line":17}}},{"kind":12,"name":"setup","range":{"end":{"character":1,"line":29},"start":{"character":0,"line":19}},"selectionRange":{"end":{"character":10,"line":19},"start":{"character":5,"line":19}}},{"kind":12,"name":"loop","range":{"end":{"character":1,"line":46},"start":{"character":0,"line":31}},"selectionRange":{"end":{"character":9,"line":31},"start":{"character":5,"line":31}}},{"kind":12,"name":"lecturaBtn","range":{"end":{"character":1,"line":51},"start":{"character":0,"line":48}},"selectionRange":{"end":{"character":15,"line":48},"start":{"character":5,"line":48}}},{"kind":12,"name":"ledAzul","range":{"end":{"character":1,"line":57},"start":{"character":0,"line":53}},"selectionRange":{"end":{"character":12,"line":53},"start":{"character":5,"line":53}}},{"kind":12,"name":"ledRojo","range":{"end":{"character":1,"line":63},"start":{"character":0,"line":59}},"selectionRange":{"end":{"character":12,"line":59},"start":{"character":5,"line":59}}}]}Content-Length: 36

{"id":2,"jsonrpc":"2.0","result":[]}Content-Length: 159

{"jsonrpc":"2.0","method":"$/progress","params":{"token":"backgroundIndexProgress","value":{"kind":"report","message":"2/27","percentage":7.4074074074074074}}}Content-Length: 159

{"jsonrpc":"2.0","method":"$/progress","params":{"token":"backgroundIndexProgress","value":{"kind":"report","message":"2/27","percentage":7.4074074074074074}}}Content-Length: 159

{"jsonrpc":"2.0","method":"$/progress","params":{"token":"backgroundIndexProgress","value":{"kind":"report","message":"3/27","percentage":11.111111111111111}}}Content-Length: 159

{"jsonrpc":"2.0","method":"$/progress","params":{"token":"backgroundIndexProgress","value":{"kind":"report","message":"3/27","percentage":11.111111111111111}}}Content-Length: 159

{"jsonrpc":"2.0","method":"$/progress","params":{"token":"backgroundIndexProgress","value":{"kind":"report","message":"4/27","percentage":14.814814814814815}}}Content-Length: 159

{"jsonrpc":"2.0","method":"$/progress","params":{"token":"backgroundIndexProgress","value":{"kind":"report","message":"4/27","percentage":14.814814814814815}}}Content-Length: 159

{"jsonrpc":"2.0","method":"$/progress","params":{"token":"backgroundIndexProgress","value":{"kind":"report","message":"5/27","percentage":18.518518518518519}}}Content-Length: 159

{"jsonrpc":"2.0","method":"$/progress","params":{"token":"backgroundIndexProgress","value":{"kind":"report","message":"5/27","percentage":18.518518518518519}}}Content-Length: 159

{"jsonrpc":"2.0","method":"$/progress","params":{"token":"backgroundIndexProgress","value":{"kind":"report","message":"6/27","percentage":22.222222222222221}}}Content-Length: 159

{"jsonrpc":"2.0","method":"$/progress","params":{"token":"backgroundIndexProgress","value":{"kind":"report","message":"6/27","percentage":22.222222222222221}}}Content-Length: 159

{"jsonrpc":"2.0","method":"$/progress","params":{"token":"backgroundIndexProgress","value":{"kind":"report","message":"7/27","percentage":25.925925925925927}}}Content-Length: 159

{"jsonrpc":"2.0","method":"$/progress","params":{"token":"backgroundIndexProgress","value":{"kind":"report","message":"7/27","percentage":25.925925925925927}}}Content-Length: 158

{"jsonrpc":"2.0","method":"$/progress","params":{"token":"backgroundIndexProgress","value":{"kind":"report","message":"8/27","percentage":29.62962962962963}}}Content-Length: 158

{"jsonrpc":"2.0","method":"$/progress","params":{"token":"backgroundIndexProgress","value":{"kind":"report","message":"8/27","percentage":29.62962962962963}}}Content-Length: 159

{"jsonrpc":"2.0","method":"$/progress","params":{"token":"backgroundIndexProgress","value":{"kind":"report","message":"9/27","percentage":33.333333333333336}}}Content-Length: 159

{"jsonrpc":"2.0","method":"$/progress","params":{"token":"backgroundIndexProgress","value":{"kind":"report","message":"9/27","percentage":33.333333333333336}}}Content-Length: 160

{"jsonrpc":"2.0","method":"$/progress","params":{"token":"backgroundIndexProgress","value":{"kind":"report","message":"10/27","percentage":37.037037037037038}}}Content-Length: 160

{"jsonrpc":"2.0","method":"$/progress","params":{"token":"backgroundIndexProgress","value":{"kind":"report","message":"10/27","percentage":37.037037037037038}}}Content-Length: 159

{"jsonrpc":"2.0","method":"$/progress","params":{"token":"backgroundIndexProgress","value":{"kind":"report","message":"11/27","percentage":40.74074074074074}}}Content-Length: 159

{"jsonrpc":"2.0","method":"$/progress","params":{"token":"backgroundIndexProgress","value":{"kind":"report","message":"11/27","percentage":40.74074074074074}}}Content-Length: 160

{"jsonrpc":"2.0","method":"$/progress","params":{"token":"backgroundIndexProgress","value":{"kind":"report","message":"12/27","percentage":44.444444444444443}}}Content-Length: 160

{"jsonrpc":"2.0","method":"$/progress","params":{"token":"backgroundIndexProgress","value":{"kind":"report","message":"12/27","percentage":44.444444444444443}}}Content-Length: 160

{"jsonrpc":"2.0","method":"$/progress","params":{"token":"backgroundIndexProgress","value":{"kind":"report","message":"13/27","percentage":48.148148148148145}}}Content-Length: 160

{"jsonrpc":"2.0","method":"$/progress","params":{"token":"backgroundIndexProgress","value":{"kind":"report","message":"13/27","percentage":48.148148148148145}}}Content-Length: 160

{"jsonrpc":"2.0","method":"$/progress","params":{"token":"backgroundIndexProgress","value":{"kind":"report","message":"14/27","percentage":51.851851851851855}}}Content-Length: 160

{"jsonrpc":"2.0","method":"$/progress","params":{"token":"backgroundIndexProgress","value":{"kind":"report","message":"14/27","percentage":51.851851851851855}}}Content-Length: 160

{"jsonrpc":"2.0","method":"$/progress","params":{"token":"backgroundIndexProgress","value":{"kind":"report","message":"15/27","percentage":55.555555555555557}}}Content-Length: 160

{"jsonrpc":"2.0","method":"$/progress","params":{"token":"backgroundIndexProgress","value":{"kind":"report","message":"15/27","percentage":55.555555555555557}}}Content-Length: 159

{"jsonrpc":"2.0","method":"$/progress","params":{"token":"backgroundIndexProgress","value":{"kind":"report","message":"16/27","percentage":59.25925925925926}}}Content-Length: 159

{"jsonrpc":"2.0","method":"$/progress","params":{"token":"backgroundIndexProgress","value":{"kind":"report","message":"16/27","percentage":59.25925925925926}}}Content-Length: 160

{"jsonrpc":"2.0","method":"$/progress","params":{"token":"backgroundIndexProgress","value":{"kind":"report","message":"17/27","percentage":62.962962962962962}}}Content-Length: 160

{"jsonrpc":"2.0","method":"$/progress","params":{"token":"backgroundIndexProgress","value":{"kind":"report","message":"17/27","percentage":62.962962962962962}}}Content-Length: 160

{"jsonrpc":"2.0","method":"$/progress","params":{"token":"backgroundIndexProgress","value":{"kind":"report","message":"18/27","percentage":66.666666666666671}}}Content-Length: 160

{"jsonrpc":"2.0","method":"$/progress","params":{"token":"backgroundIndexProgress","value":{"kind":"report","message":"18/27","percentage":66.666666666666671}}}Content-Length: 160

{"jsonrpc":"2.0","method":"$/progress","params":{"token":"backgroundIndexProgress","value":{"kind":"report","message":"19/27","percentage":70.370370370370367}}}Content-Length: 160

{"jsonrpc":"2.0","method":"$/progress","params":{"token":"backgroundIndexProgress","value":{"kind":"report","message":"19/27","percentage":70.370370370370367}}}Content-Length: 160

{"jsonrpc":"2.0","method":"$/progress","params":{"token":"backgroundIndexProgress","value":{"kind":"report","message":"20/27","percentage":74.074074074074076}}}Content-Length: 160

{"jsonrpc":"2.0","method":"$/progress","params":{"token":"backgroundIndexProgress","value":{"kind":"report","message":"20/27","percentage":74.074074074074076}}}Content-Length: 160

{"jsonrpc":"2.0","method":"$/progress","params":{"token":"backgroundIndexProgress","value":{"kind":"report","message":"21/27","percentage":77.777777777777771}}}Content-Length: 160

{"jsonrpc":"2.0","method":"$/progress","params":{"token":"backgroundIndexProgress","value":{"kind":"report","message":"21/27","percentage":77.777777777777771}}}Content-Length: 160

{"jsonrpc":"2.0","method":"$/progress","params":{"token":"backgroundIndexProgress","value":{"kind":"report","message":"22/27","percentage":81.481481481481481}}}Content-Length: 160

{"jsonrpc":"2.0","method":"$/progress","params":{"token":"backgroundIndexProgress","value":{"kind":"report","message":"22/27","percentage":81.481481481481481}}}Content-Length: 159

{"jsonrpc":"2.0","method":"$/progress","params":{"token":"backgroundIndexProgress","value":{"kind":"report","message":"23/27","percentage":85.18518518518519}}}Content-Length: 159

{"jsonrpc":"2.0","method":"$/progress","params":{"token":"backgroundIndexProgress","value":{"kind":"report","message":"23/27","percentage":85.18518518518519}}}Content-Length: 160

{"jsonrpc":"2.0","method":"$/progress","params":{"token":"backgroundIndexProgress","value":{"kind":"report","message":"24/27","percentage":88.888888888888886}}}Content-Length: 160

{"jsonrpc":"2.0","method":"$/progress","params":{"token":"backgroundIndexProgress","value":{"kind":"report","message":"25/27","percentage":92.592592592592595}}}Content-Length: 160

{"jsonrpc":"2.0","method":"$/progress","params":{"token":"backgroundIndexProgress","value":{"kind":"report","message":"26/27","percentage":96.296296296296291}}}Content-Length: 107

{"jsonrpc":"2.0","method":"$/progress","params":{"token":"backgroundIndexProgress","value":{"kind":"end"}}}
>>>
Content-Length: 58

{"method":"shutdown","params":null,"id":3,"jsonrpc":"2.0"}
<<<
Content-Length: 38

{"id":3,"jsonrpc":"2.0","result":null}
>>>
Content-Length: 47

{"method":"exit","params":null,"jsonrpc":"2.0"}<<< Read Error: EOF
