






Started logging.

<<<
Content-Length: 3207

{"jsonrpc":"2.0","id":0,"method":"initialize","params":{"processId":8904,"clientInfo":{"name":"vscode","version":"1.50.0"},"rootPath":"c:\\Users\\NEXT\\Documents\\Arduino\\Multitasking_usando_delay___-_Arduino_720P_HD__12","rootUri":"file:///c%3A/Users/NEXT/Documents/Arduino/Multitasking_usando_delay___-_Arduino_720P_HD__12","capabilities":{"workspace":{"applyEdit":true,"workspaceEdit":{"documentChanges":true,"resourceOperations":["create","rename","delete"],"failureHandling":"textOnlyTransactional"},"didChangeConfiguration":{"dynamicRegistration":true},"didChangeWatchedFiles":{"dynamicRegistration":true},"symbol":{"dynamicRegistration":true,"symbolKind":{"valueSet":[1,2,3,4,5,6,7,8,9,10,11,12,13,14,15,16,17,18,19,20,21,22,23,24,25,26]}},"executeCommand":{"dynamicRegistration":true},"configuration":true,"workspaceFolders":true},"textDocument":{"publishDiagnostics":{"relatedInformation":true,"versionSupport":false,"tagSupport":{"valueSet":[1,2]}},"synchronization":{"dynamicRegistration":true,"willSave":true,"willSaveWaitUntil":true,"didSave":true},"completion":{"dynamicRegistration":true,"contextSupport":true,"completionItem":{"snippetSupport":true,"commitCharactersSupport":true,"documentationFormat":["markdown","plaintext"],"deprecatedSupport":true,"preselectSupport":true,"tagSupport":{"valueSet":[1]}},"completionItemKind":{"valueSet":[1,2,3,4,5,6,7,8,9,10,11,12,13,14,15,16,17,18,19,20,21,22,23,24,25]}},"hover":{"dynamicRegistration":true,"contentFormat":["markdown","plaintext"]},"signatureHelp":{"dynamicRegistration":true,"signatureInformation":{"documentationFormat":["markdown","plaintext"],"parameterInformation":{"labelOffsetSupport":true}},"contextSupport":true},"definition":{"dynamicRegistration":true,"linkSupport":true},"references":{"dynamicRegistration":true},"documentHighlight":{"dynamicRegistration":true},"documentSymbol":{"dynamicRegistration":true,"symbolKind":{"valueSet":[1,2,3,4,5,6,7,8,9,10,11,12,13,14,15,16,17,18,19,20,21,22,23,24,25,26]},"hierarchicalDocumentSymbolSupport":true},"codeAction":{"dynamicRegistration":true,"isPreferredSupport":true,"codeActionLiteralSupport":{"codeActionKind":{"valueSet":["","quickfix","refactor","refactor.extract","refactor.inline","refactor.rewrite","source","source.organizeImports"]}}},"codeLens":{"dynamicRegistration":true},"formatting":{"dynamicRegistration":true},"rangeFormatting":{"dynamicRegistration":true},"onTypeFormatting":{"dynamicRegistration":true},"rename":{"dynamicRegistration":true,"prepareSupport":true},"documentLink":{"dynamicRegistration":true,"tooltipSupport":true},"typeDefinition":{"dynamicRegistration":true,"linkSupport":true},"implementation":{"dynamicRegistration":true,"linkSupport":true},"colorProvider":{"dynamicRegistration":true},"foldingRange":{"dynamicRegistration":true,"rangeLimit":5000,"lineFoldingOnly":true},"declaration":{"dynamicRegistration":true,"linkSupport":true},"selectionRange":{"dynamicRegistration":true}},"window":{"workDoneProgress":true}},"initializationOptions":{},"trace":"off","workspaceFolders":[{"uri":"file:///c%3A/Users/NEXT/Documents/Arduino/Multitasking_usando_delay___-_Arduino_720P_HD__12","name":"Multitasking_usando_delay___-_Arduino_720P_HD__12"}]}}
>>>
Content-Length: 598

{"id":0,"result":{"capabilities":{"textDocumentSync":2,"hoverProvider":true,"completionProvider":{"triggerCharacters":[".","\u003e",":"]},"signatureHelpProvider":{"triggerCharacters":["(",","]},"definitionProvider":true,"documentHighlightProvider":true,"documentSymbolProvider":true,"workspaceSymbolProvider":true,"codeActionProvider":true,"documentFormattingProvider":true,"documentRangeFormattingProvider":true,"documentOnTypeFormattingProvider":{"firstTriggerCharacter":"\n"},"renameProvider":false,"executeCommandProvider":{"commands":["clangd.applyFix","clangd.applyTweak"]}}},"jsonrpc":"2.0"}
<<<
Content-Length: 52

{"jsonrpc":"2.0","method":"initialized","params":{}}Content-Length: 1708

{"jsonrpc":"2.0","method":"textDocument/didOpen","params":{"textDocument":{"uri":"file:///c%3A/Users/NEXT/Documents/Arduino/Multitasking_usando_delay___-_Arduino_720P_HD__12/Multitasking_usando_delay___-_Arduino_720P_HD__12.ino","languageId":"cpp","version":1,"text":"#define pinLed 6\r\n#define pinLed2 7\r\n#define pinBtn 5\r\nint count = 0;\r\nint count2 = 0;\r\n\r\nvoid setup() {\r\n  // put your setup code here, to run once:\r\n  Serial.begin(9600);\r\n  pinMode(pinLed, OUTPUT );\r\n  pinMode(pinLed2, OUTPUT );\r\n  pinMode(pinBtn, INPUT );// pinMode(pinBtn, INPUT_PULLUP ); si no quiero poner resitencia\r\n\r\n  digitalWrite(pinLed, HIGH);\r\n  delay(1000);\r\n  digitalWrite(pinLed, LOW);\r\n}\r\n\r\nvoid loop() {\r\n  // put your main code here, to run repeatedly:\r\n  count++;\r\n  count2++;\r\n  delay(10);\r\n\r\n  lecturaBtn();\r\n\r\n  \r\n  if(count == 100){\r\n   ledAzul();\r\n  }\r\n  if(count2 == 50){\r\n    ledRojo();\r\n  }\r\n}\r\n\r\nvoid lecturaBtn(){\r\n  int lectura = digitalRead(pinBtn);\r\n  Serial.println(lectura);\r\n}\r\n\r\nvoid ledAzul(){\r\n  int estadoLed = digitalRead(pinLed);//lee estado led actual\r\n   digitalWrite(pinLed, !estadoLed);//escribir estado led pero invertido si es 0 lee 1\r\n   count = 0;//resetear a cero\r\n}\r\n\r\nvoid ledRojo(){\r\n  int estadoLed = digitalRead(pinLed2);//lee estado led actual\r\n   digitalWrite(pinLed2, !estadoLed);//escribir estado led pero invertido si es 0 lee 1\r\n   count2 = 0;//resetear a cero\r\n}\r\n/*\r\n *int lectura = digitalRead(pinBtn);\r\n  Serial.println(lectura);\r\n  delay(100);\r\n\r\n  \r\n  digitalWrite(pinLed, 1);\r\n  delay(1000);\r\n  digitalWrite(pinLed, 0);\r\n  delay(1000);\r\n */\r\n"}}}Content-Length: 344

{"jsonrpc":"2.0","id":1,"method":"textDocument/codeAction","params":{"textDocument":{"uri":"file:///c%3A/Users/NEXT/Documents/Arduino/Multitasking_usando_delay___-_Arduino_720P_HD__12/Multitasking_usando_delay___-_Arduino_720P_HD__12.ino"},"range":{"start":{"line":0,"character":0},"end":{"line":0,"character":0}},"context":{"diagnostics":[]}}}
>>>
Content-Length: 111

{"method":"window/workDoneProgress/create","params":{"token":"backgroundIndexProgress"},"id":0,"jsonrpc":"2.0"}Content-Length: 36

{"id":1,"result":[],"jsonrpc":"2.0"}
<<<
Content-Length: 38

{"jsonrpc":"2.0","id":0,"result":null}
>>>
Content-Length: 143

{"method":"$/progress","params":{"token":"backgroundIndexProgress","value":{"title":"indexing","percentage":0,"kind":"begin"}},"jsonrpc":"2.0"}Content-Length: 159

{"method":"$/progress","params":{"token":"backgroundIndexProgress","value":{"message":"1/27","percentage":3.7037037037037037,"kind":"report"}},"jsonrpc":"2.0"}Content-Length: 158

{"method":"$/progress","params":{"token":"backgroundIndexProgress","value":{"message":"2/27","percentage":7.407407407407407,"kind":"report"}},"jsonrpc":"2.0"}Content-Length: 158

{"method":"$/progress","params":{"token":"backgroundIndexProgress","value":{"message":"3/27","percentage":11.11111111111111,"kind":"report"}},"jsonrpc":"2.0"}Content-Length: 158

{"method":"$/progress","params":{"token":"backgroundIndexProgress","value":{"message":"3/27","percentage":11.11111111111111,"kind":"report"}},"jsonrpc":"2.0"}Content-Length: 159

{"method":"$/progress","params":{"token":"backgroundIndexProgress","value":{"message":"4/27","percentage":14.814814814814815,"kind":"report"}},"jsonrpc":"2.0"}Content-Length: 159

{"method":"$/progress","params":{"token":"backgroundIndexProgress","value":{"message":"4/27","percentage":14.814814814814815,"kind":"report"}},"jsonrpc":"2.0"}Content-Length: 158

{"method":"$/progress","params":{"token":"backgroundIndexProgress","value":{"message":"5/27","percentage":18.51851851851852,"kind":"report"}},"jsonrpc":"2.0"}Content-Length: 158

{"method":"$/progress","params":{"token":"backgroundIndexProgress","value":{"message":"5/27","percentage":18.51851851851852,"kind":"report"}},"jsonrpc":"2.0"}Content-Length: 158

{"method":"$/progress","params":{"token":"backgroundIndexProgress","value":{"message":"6/27","percentage":22.22222222222222,"kind":"report"}},"jsonrpc":"2.0"}Content-Length: 158

{"method":"$/progress","params":{"token":"backgroundIndexProgress","value":{"message":"6/27","percentage":22.22222222222222,"kind":"report"}},"jsonrpc":"2.0"}Content-Length: 159

{"method":"$/progress","params":{"token":"backgroundIndexProgress","value":{"message":"7/27","percentage":25.925925925925927,"kind":"report"}},"jsonrpc":"2.0"}Content-Length: 159

{"method":"$/progress","params":{"token":"backgroundIndexProgress","value":{"message":"7/27","percentage":25.925925925925927,"kind":"report"}},"jsonrpc":"2.0"}
<<<
Content-Length: 348

{"jsonrpc":"2.0","id":2,"method":"textDocument/codeAction","params":{"textDocument":{"uri":"file:///c%3A/Users/NEXT/Documents/Arduino/Multitasking_usando_delay___-_Arduino_720P_HD__12/Multitasking_usando_delay___-_Arduino_720P_HD__12.ino"},"range":{"start":{"line":22,"character":12},"end":{"line":22,"character":12}},"context":{"diagnostics":[]}}}
>>>
Content-Length: 36

{"id":2,"result":[],"jsonrpc":"2.0"}Content-Length: 158

{"method":"$/progress","params":{"token":"backgroundIndexProgress","value":{"message":"8/27","percentage":29.62962962962963,"kind":"report"}},"jsonrpc":"2.0"}Content-Length: 158

{"method":"$/progress","params":{"token":"backgroundIndexProgress","value":{"message":"8/27","percentage":29.62962962962963,"kind":"report"}},"jsonrpc":"2.0"}Content-Length: 159

{"method":"$/progress","params":{"token":"backgroundIndexProgress","value":{"message":"9/27","percentage":33.333333333333336,"kind":"report"}},"jsonrpc":"2.0"}Content-Length: 159

{"method":"$/progress","params":{"token":"backgroundIndexProgress","value":{"message":"9/27","percentage":33.333333333333336,"kind":"report"}},"jsonrpc":"2.0"}Content-Length: 159

{"method":"$/progress","params":{"token":"backgroundIndexProgress","value":{"message":"10/27","percentage":37.03703703703704,"kind":"report"}},"jsonrpc":"2.0"}Content-Length: 159

{"method":"$/progress","params":{"token":"backgroundIndexProgress","value":{"message":"10/27","percentage":37.03703703703704,"kind":"report"}},"jsonrpc":"2.0"}Content-Length: 159

{"method":"$/progress","params":{"token":"backgroundIndexProgress","value":{"message":"11/27","percentage":40.74074074074074,"kind":"report"}},"jsonrpc":"2.0"}Content-Length: 159

{"method":"$/progress","params":{"token":"backgroundIndexProgress","value":{"message":"11/27","percentage":40.74074074074074,"kind":"report"}},"jsonrpc":"2.0"}Content-Length: 159

{"method":"$/progress","params":{"token":"backgroundIndexProgress","value":{"message":"12/27","percentage":44.44444444444444,"kind":"report"}},"jsonrpc":"2.0"}Content-Length: 159

{"method":"$/progress","params":{"token":"backgroundIndexProgress","value":{"message":"12/27","percentage":44.44444444444444,"kind":"report"}},"jsonrpc":"2.0"}Content-Length: 160

{"method":"$/progress","params":{"token":"backgroundIndexProgress","value":{"message":"13/27","percentage":48.148148148148145,"kind":"report"}},"jsonrpc":"2.0"}Content-Length: 160

{"method":"$/progress","params":{"token":"backgroundIndexProgress","value":{"message":"13/27","percentage":48.148148148148145,"kind":"report"}},"jsonrpc":"2.0"}Content-Length: 160

{"method":"$/progress","params":{"token":"backgroundIndexProgress","value":{"message":"14/27","percentage":51.851851851851855,"kind":"report"}},"jsonrpc":"2.0"}Content-Length: 160

{"method":"$/progress","params":{"token":"backgroundIndexProgress","value":{"message":"14/27","percentage":51.851851851851855,"kind":"report"}},"jsonrpc":"2.0"}Content-Length: 159

{"method":"$/progress","params":{"token":"backgroundIndexProgress","value":{"message":"15/27","percentage":55.55555555555556,"kind":"report"}},"jsonrpc":"2.0"}Content-Length: 159

{"method":"$/progress","params":{"token":"backgroundIndexProgress","value":{"message":"15/27","percentage":55.55555555555556,"kind":"report"}},"jsonrpc":"2.0"}Content-Length: 159

{"method":"$/progress","params":{"token":"backgroundIndexProgress","value":{"message":"16/27","percentage":59.25925925925926,"kind":"report"}},"jsonrpc":"2.0"}Content-Length: 159

{"method":"$/progress","params":{"token":"backgroundIndexProgress","value":{"message":"17/27","percentage":62.96296296296296,"kind":"report"}},"jsonrpc":"2.0"}Content-Length: 159

{"method":"$/progress","params":{"token":"backgroundIndexProgress","value":{"message":"18/27","percentage":66.66666666666667,"kind":"report"}},"jsonrpc":"2.0"}Content-Length: 159

{"method":"$/progress","params":{"token":"backgroundIndexProgress","value":{"message":"18/27","percentage":66.66666666666667,"kind":"report"}},"jsonrpc":"2.0"}Content-Length: 159

{"method":"$/progress","params":{"token":"backgroundIndexProgress","value":{"message":"19/27","percentage":70.37037037037037,"kind":"report"}},"jsonrpc":"2.0"}Content-Length: 159

{"method":"$/progress","params":{"token":"backgroundIndexProgress","value":{"message":"19/27","percentage":70.37037037037037,"kind":"report"}},"jsonrpc":"2.0"}Content-Length: 159

{"method":"$/progress","params":{"token":"backgroundIndexProgress","value":{"message":"20/27","percentage":74.07407407407408,"kind":"report"}},"jsonrpc":"2.0"}Content-Length: 159

{"method":"$/progress","params":{"token":"backgroundIndexProgress","value":{"message":"20/27","percentage":74.07407407407408,"kind":"report"}},"jsonrpc":"2.0"}Content-Length: 159

{"method":"$/progress","params":{"token":"backgroundIndexProgress","value":{"message":"21/27","percentage":77.77777777777777,"kind":"report"}},"jsonrpc":"2.0"}Content-Length: 159

{"method":"$/progress","params":{"token":"backgroundIndexProgress","value":{"message":"21/27","percentage":77.77777777777777,"kind":"report"}},"jsonrpc":"2.0"}
<<<
Content-Length: 274

{"jsonrpc":"2.0","id":3,"method":"textDocument/hover","params":{"textDocument":{"uri":"file:///c%3A/Users/NEXT/Documents/Arduino/Multitasking_usando_delay___-_Arduino_720P_HD__12/Multitasking_usando_delay___-_Arduino_720P_HD__12.ino"},"position":{"line":42,"character":31}}}
>>>
Content-Length: 295

{"id":3,"result":{"contents":{"kind":"markdown","value":"### variable `estadoLed`  \n\n---\nType: `int`  \nlee estado led actual  \n\n---\n```cpp\n// In ledAzul\nint estadoLed = digitalRead(6)\n```"},"range":{"start":{"line":55,"character":25},"end":{"line":55,"character":34}}},"jsonrpc":"2.0"}Content-Length: 159

{"method":"$/progress","params":{"token":"backgroundIndexProgress","value":{"message":"22/27","percentage":81.48148148148148,"kind":"report"}},"jsonrpc":"2.0"}Content-Length: 159

{"method":"$/progress","params":{"token":"backgroundIndexProgress","value":{"message":"22/27","percentage":81.48148148148148,"kind":"report"}},"jsonrpc":"2.0"}Content-Length: 159

{"method":"$/progress","params":{"token":"backgroundIndexProgress","value":{"message":"23/27","percentage":85.18518518518519,"kind":"report"}},"jsonrpc":"2.0"}Content-Length: 159

{"method":"$/progress","params":{"token":"backgroundIndexProgress","value":{"message":"24/27","percentage":88.88888888888889,"kind":"report"}},"jsonrpc":"2.0"}Content-Length: 158

{"method":"$/progress","params":{"token":"backgroundIndexProgress","value":{"message":"25/27","percentage":92.5925925925926,"kind":"report"}},"jsonrpc":"2.0"}Content-Length: 159

{"method":"$/progress","params":{"token":"backgroundIndexProgress","value":{"message":"26/27","percentage":96.29629629629629,"kind":"report"}},"jsonrpc":"2.0"}
<<<
Content-Length: 274

{"jsonrpc":"2.0","id":4,"method":"textDocument/hover","params":{"textDocument":{"uri":"file:///c%3A/Users/NEXT/Documents/Arduino/Multitasking_usando_delay___-_Arduino_720P_HD__12/Multitasking_usando_delay___-_Arduino_720P_HD__12.ino"},"position":{"line":48,"character":32}}}
>>>
Content-Length: 295

{"id":4,"result":{"contents":{"kind":"markdown","value":"### variable `estadoLed`  \n\n---\nType: `int`  \nlee estado led actual  \n\n---\n```cpp\n// In ledRojo\nint estadoLed = digitalRead(7)\n```"},"range":{"start":{"line":61,"character":26},"end":{"line":61,"character":35}}},"jsonrpc":"2.0"}Content-Length: 107

{"method":"$/progress","params":{"token":"backgroundIndexProgress","value":{"kind":"end"}},"jsonrpc":"2.0"}
<<<
Content-Length: 274

{"jsonrpc":"2.0","id":5,"method":"textDocument/hover","params":{"textDocument":{"uri":"file:///c%3A/Users/NEXT/Documents/Arduino/Multitasking_usando_delay___-_Arduino_720P_HD__12/Multitasking_usando_delay___-_Arduino_720P_HD__12.ino"},"position":{"line":48,"character":25}}}
>>>
Content-Length: 38

{"id":5,"result":null,"jsonrpc":"2.0"}
<<<
Content-Length: 274

{"jsonrpc":"2.0","id":6,"method":"textDocument/hover","params":{"textDocument":{"uri":"file:///c%3A/Users/NEXT/Documents/Arduino/Multitasking_usando_delay___-_Arduino_720P_HD__12/Multitasking_usando_delay___-_Arduino_720P_HD__12.ino"},"position":{"line":41,"character":18}}}
>>>
Content-Length: 285

{"id":6,"result":{"contents":{"kind":"markdown","value":"### function `digitalRead`  \n\n---\n→ `int`  \nParameters:  \n- `uint8_t pin`\n\n---\n```cpp\nint digitalRead(uint8_t pin)\n```"},"range":{"start":{"line":54,"character":18},"end":{"line":54,"character":29}}},"jsonrpc":"2.0"}
<<<
Content-Length: 274

{"jsonrpc":"2.0","id":7,"method":"textDocument/hover","params":{"textDocument":{"uri":"file:///c%3A/Users/NEXT/Documents/Arduino/Multitasking_usando_delay___-_Arduino_720P_HD__12/Multitasking_usando_delay___-_Arduino_720P_HD__12.ino"},"position":{"line":53,"character":16}}}
>>>
Content-Length: 38

{"id":7,"result":null,"jsonrpc":"2.0"}
<<<
Content-Length: 274

{"jsonrpc":"2.0","id":8,"method":"textDocument/hover","params":{"textDocument":{"uri":"file:///c%3A/Users/NEXT/Documents/Arduino/Multitasking_usando_delay___-_Arduino_720P_HD__12/Multitasking_usando_delay___-_Arduino_720P_HD__12.ino"},"position":{"line":53,"character":16}}}
>>>
Content-Length: 38

{"id":8,"result":null,"jsonrpc":"2.0"}
<<<
Content-Length: 273

{"jsonrpc":"2.0","id":9,"method":"textDocument/hover","params":{"textDocument":{"uri":"file:///c%3A/Users/NEXT/Documents/Arduino/Multitasking_usando_delay___-_Arduino_720P_HD__12/Multitasking_usando_delay___-_Arduino_720P_HD__12.ino"},"position":{"line":20,"character":6}}}
>>>
Content-Length: 247

{"id":9,"result":{"contents":{"kind":"markdown","value":"### variable `count`  \n\n---\nType: `int`  \nValue = `0`  \n\n---\n```cpp\nint count = 0\n```"},"range":{"start":{"line":33,"character":2},"end":{"line":33,"character":7}}},"jsonrpc":"2.0"}
<<<
Content-Length: 275

{"jsonrpc":"2.0","id":10,"method":"textDocument/hover","params":{"textDocument":{"uri":"file:///c%3A/Users/NEXT/Documents/Arduino/Multitasking_usando_delay___-_Arduino_720P_HD__12/Multitasking_usando_delay___-_Arduino_720P_HD__12.ino"},"position":{"line":13,"character":27}}}
>>>
Content-Length: 212

{"id":10,"result":{"contents":{"kind":"markdown","value":"### macro `HIGH`  \n\n---\n```cpp\n#define HIGH 0x1\n```"},"range":{"start":{"line":26,"character":23},"end":{"line":26,"character":27}}},"jsonrpc":"2.0"}
<<<
Content-Length: 275

{"jsonrpc":"2.0","id":11,"method":"textDocument/hover","params":{"textDocument":{"uri":"file:///c%3A/Users/NEXT/Documents/Arduino/Multitasking_usando_delay___-_Arduino_720P_HD__12/Multitasking_usando_delay___-_Arduino_720P_HD__12.ino"},"position":{"line":13,"character":26}}}
>>>
Content-Length: 212

{"id":11,"result":{"contents":{"kind":"markdown","value":"### macro `HIGH`  \n\n---\n```cpp\n#define HIGH 0x1\n```"},"range":{"start":{"line":26,"character":23},"end":{"line":26,"character":27}}},"jsonrpc":"2.0"}
<<<
Content-Length: 275

{"jsonrpc":"2.0","id":12,"method":"textDocument/hover","params":{"textDocument":{"uri":"file:///c%3A/Users/NEXT/Documents/Arduino/Multitasking_usando_delay___-_Arduino_720P_HD__12/Multitasking_usando_delay___-_Arduino_720P_HD__12.ino"},"position":{"line":15,"character":23}}}
>>>
Content-Length: 210

{"id":12,"result":{"contents":{"kind":"markdown","value":"### macro `LOW`  \n\n---\n```cpp\n#define LOW 0x0\n```"},"range":{"start":{"line":28,"character":23},"end":{"line":28,"character":26}}},"jsonrpc":"2.0"}
<<<
Content-Length: 59

{"jsonrpc":"2.0","id":13,"method":"shutdown","params":null}
>>>
Content-Length: 39

{"id":13,"result":null,"jsonrpc":"2.0"}
<<<
Content-Length: 47

{"jsonrpc":"2.0","method":"exit","params":null}






Started logging.

<<<
Content-Length: 3207

{"jsonrpc":"2.0","id":0,"method":"initialize","params":{"processId":7796,"clientInfo":{"name":"vscode","version":"1.50.0"},"rootPath":"c:\\Users\\NEXT\\Documents\\Arduino\\Multitasking_usando_delay___-_Arduino_720P_HD__12","rootUri":"file:///c%3A/Users/NEXT/Documents/Arduino/Multitasking_usando_delay___-_Arduino_720P_HD__12","capabilities":{"workspace":{"applyEdit":true,"workspaceEdit":{"documentChanges":true,"resourceOperations":["create","rename","delete"],"failureHandling":"textOnlyTransactional"},"didChangeConfiguration":{"dynamicRegistration":true},"didChangeWatchedFiles":{"dynamicRegistration":true},"symbol":{"dynamicRegistration":true,"symbolKind":{"valueSet":[1,2,3,4,5,6,7,8,9,10,11,12,13,14,15,16,17,18,19,20,21,22,23,24,25,26]}},"executeCommand":{"dynamicRegistration":true},"configuration":true,"workspaceFolders":true},"textDocument":{"publishDiagnostics":{"relatedInformation":true,"versionSupport":false,"tagSupport":{"valueSet":[1,2]}},"synchronization":{"dynamicRegistration":true,"willSave":true,"willSaveWaitUntil":true,"didSave":true},"completion":{"dynamicRegistration":true,"contextSupport":true,"completionItem":{"snippetSupport":true,"commitCharactersSupport":true,"documentationFormat":["markdown","plaintext"],"deprecatedSupport":true,"preselectSupport":true,"tagSupport":{"valueSet":[1]}},"completionItemKind":{"valueSet":[1,2,3,4,5,6,7,8,9,10,11,12,13,14,15,16,17,18,19,20,21,22,23,24,25]}},"hover":{"dynamicRegistration":true,"contentFormat":["markdown","plaintext"]},"signatureHelp":{"dynamicRegistration":true,"signatureInformation":{"documentationFormat":["markdown","plaintext"],"parameterInformation":{"labelOffsetSupport":true}},"contextSupport":true},"definition":{"dynamicRegistration":true,"linkSupport":true},"references":{"dynamicRegistration":true},"documentHighlight":{"dynamicRegistration":true},"documentSymbol":{"dynamicRegistration":true,"symbolKind":{"valueSet":[1,2,3,4,5,6,7,8,9,10,11,12,13,14,15,16,17,18,19,20,21,22,23,24,25,26]},"hierarchicalDocumentSymbolSupport":true},"codeAction":{"dynamicRegistration":true,"isPreferredSupport":true,"codeActionLiteralSupport":{"codeActionKind":{"valueSet":["","quickfix","refactor","refactor.extract","refactor.inline","refactor.rewrite","source","source.organizeImports"]}}},"codeLens":{"dynamicRegistration":true},"formatting":{"dynamicRegistration":true},"rangeFormatting":{"dynamicRegistration":true},"onTypeFormatting":{"dynamicRegistration":true},"rename":{"dynamicRegistration":true,"prepareSupport":true},"documentLink":{"dynamicRegistration":true,"tooltipSupport":true},"typeDefinition":{"dynamicRegistration":true,"linkSupport":true},"implementation":{"dynamicRegistration":true,"linkSupport":true},"colorProvider":{"dynamicRegistration":true},"foldingRange":{"dynamicRegistration":true,"rangeLimit":5000,"lineFoldingOnly":true},"declaration":{"dynamicRegistration":true,"linkSupport":true},"selectionRange":{"dynamicRegistration":true}},"window":{"workDoneProgress":true}},"initializationOptions":{},"trace":"off","workspaceFolders":[{"uri":"file:///c%3A/Users/NEXT/Documents/Arduino/Multitasking_usando_delay___-_Arduino_720P_HD__12","name":"Multitasking_usando_delay___-_Arduino_720P_HD__12"}]}}
>>>
Content-Length: 598

{"id":0,"result":{"capabilities":{"textDocumentSync":2,"hoverProvider":true,"completionProvider":{"triggerCharacters":[".","\u003e",":"]},"signatureHelpProvider":{"triggerCharacters":["(",","]},"definitionProvider":true,"documentHighlightProvider":true,"documentSymbolProvider":true,"workspaceSymbolProvider":true,"codeActionProvider":true,"documentFormattingProvider":true,"documentRangeFormattingProvider":true,"documentOnTypeFormattingProvider":{"firstTriggerCharacter":"\n"},"renameProvider":false,"executeCommandProvider":{"commands":["clangd.applyFix","clangd.applyTweak"]}}},"jsonrpc":"2.0"}
<<<
Content-Length: 52

{"jsonrpc":"2.0","method":"initialized","params":{}}Content-Length: 1708

{"jsonrpc":"2.0","method":"textDocument/didOpen","params":{"textDocument":{"uri":"file:///c%3A/Users/NEXT/Documents/Arduino/Multitasking_usando_delay___-_Arduino_720P_HD__12/Multitasking_usando_delay___-_Arduino_720P_HD__12.ino","languageId":"cpp","version":1,"text":"#define pinLed 6\r\n#define pinLed2 7\r\n#define pinBtn 5\r\nint count = 0;\r\nint count2 = 0;\r\n\r\nvoid setup() {\r\n  // put your setup code here, to run once:\r\n  Serial.begin(9600);\r\n  pinMode(pinLed, OUTPUT );\r\n  pinMode(pinLed2, OUTPUT );\r\n  pinMode(pinBtn, INPUT );// pinMode(pinBtn, INPUT_PULLUP ); si no quiero poner resitencia\r\n\r\n  digitalWrite(pinLed, HIGH);\r\n  delay(1000);\r\n  digitalWrite(pinLed, LOW);\r\n}\r\n\r\nvoid loop() {\r\n  // put your main code here, to run repeatedly:\r\n  count++;\r\n  count2++;\r\n  delay(10);\r\n\r\n  lecturaBtn();\r\n\r\n  \r\n  if(count == 100){\r\n   ledAzul();\r\n  }\r\n  if(count2 == 50){\r\n    ledRojo();\r\n  }\r\n}\r\n\r\nvoid lecturaBtn(){\r\n  int lectura = digitalRead(pinBtn);\r\n  Serial.println(lectura);\r\n}\r\n\r\nvoid ledAzul(){\r\n  int estadoLed = digitalRead(pinLed);//lee estado led actual\r\n   digitalWrite(pinLed, !estadoLed);//escribir estado led pero invertido si es 0 lee 1\r\n   count = 0;//resetear a cero\r\n}\r\n\r\nvoid ledRojo(){\r\n  int estadoLed = digitalRead(pinLed2);//lee estado led actual\r\n   digitalWrite(pinLed2, !estadoLed);//escribir estado led pero invertido si es 0 lee 1\r\n   count2 = 0;//resetear a cero\r\n}\r\n/*\r\n *int lectura = digitalRead(pinBtn);\r\n  Serial.println(lectura);\r\n  delay(100);\r\n\r\n  \r\n  digitalWrite(pinLed, 1);\r\n  delay(1000);\r\n  digitalWrite(pinLed, 0);\r\n  delay(1000);\r\n */\r\n"}}}Content-Length: 348

{"jsonrpc":"2.0","id":1,"method":"textDocument/codeAction","params":{"textDocument":{"uri":"file:///c%3A/Users/NEXT/Documents/Arduino/Multitasking_usando_delay___-_Arduino_720P_HD__12/Multitasking_usando_delay___-_Arduino_720P_HD__12.ino"},"range":{"start":{"line":22,"character":12},"end":{"line":22,"character":12}},"context":{"diagnostics":[]}}}
>>>
Content-Length: 111

{"method":"window/workDoneProgress/create","params":{"token":"backgroundIndexProgress"},"id":0,"jsonrpc":"2.0"}Content-Length: 36

{"id":1,"result":[],"jsonrpc":"2.0"}
<<<
Content-Length: 38

{"jsonrpc":"2.0","id":0,"result":null}
>>>
Content-Length: 143

{"method":"$/progress","params":{"token":"backgroundIndexProgress","value":{"title":"indexing","percentage":0,"kind":"begin"}},"jsonrpc":"2.0"}Content-Length: 159

{"method":"$/progress","params":{"token":"backgroundIndexProgress","value":{"message":"1/27","percentage":3.7037037037037037,"kind":"report"}},"jsonrpc":"2.0"}Content-Length: 158

{"method":"$/progress","params":{"token":"backgroundIndexProgress","value":{"message":"2/27","percentage":7.407407407407407,"kind":"report"}},"jsonrpc":"2.0"}Content-Length: 158

{"method":"$/progress","params":{"token":"backgroundIndexProgress","value":{"message":"3/27","percentage":11.11111111111111,"kind":"report"}},"jsonrpc":"2.0"}Content-Length: 159

{"method":"$/progress","params":{"token":"backgroundIndexProgress","value":{"message":"4/27","percentage":14.814814814814815,"kind":"report"}},"jsonrpc":"2.0"}Content-Length: 158

{"method":"$/progress","params":{"token":"backgroundIndexProgress","value":{"message":"5/27","percentage":18.51851851851852,"kind":"report"}},"jsonrpc":"2.0"}Content-Length: 158

{"method":"$/progress","params":{"token":"backgroundIndexProgress","value":{"message":"6/27","percentage":22.22222222222222,"kind":"report"}},"jsonrpc":"2.0"}Content-Length: 159

{"method":"$/progress","params":{"token":"backgroundIndexProgress","value":{"message":"7/27","percentage":25.925925925925927,"kind":"report"}},"jsonrpc":"2.0"}Content-Length: 158

{"method":"$/progress","params":{"token":"backgroundIndexProgress","value":{"message":"8/27","percentage":29.62962962962963,"kind":"report"}},"jsonrpc":"2.0"}Content-Length: 159

{"method":"$/progress","params":{"token":"backgroundIndexProgress","value":{"message":"9/27","percentage":33.333333333333336,"kind":"report"}},"jsonrpc":"2.0"}Content-Length: 159

{"method":"$/progress","params":{"token":"backgroundIndexProgress","value":{"message":"10/27","percentage":37.03703703703704,"kind":"report"}},"jsonrpc":"2.0"}Content-Length: 159

{"method":"$/progress","params":{"token":"backgroundIndexProgress","value":{"message":"11/27","percentage":40.74074074074074,"kind":"report"}},"jsonrpc":"2.0"}Content-Length: 159

{"method":"$/progress","params":{"token":"backgroundIndexProgress","value":{"message":"12/27","percentage":44.44444444444444,"kind":"report"}},"jsonrpc":"2.0"}Content-Length: 160

{"method":"$/progress","params":{"token":"backgroundIndexProgress","value":{"message":"13/27","percentage":48.148148148148145,"kind":"report"}},"jsonrpc":"2.0"}Content-Length: 160

{"method":"$/progress","params":{"token":"backgroundIndexProgress","value":{"message":"13/27","percentage":48.148148148148145,"kind":"report"}},"jsonrpc":"2.0"}Content-Length: 160

{"method":"$/progress","params":{"token":"backgroundIndexProgress","value":{"message":"14/27","percentage":51.851851851851855,"kind":"report"}},"jsonrpc":"2.0"}Content-Length: 159

{"method":"$/progress","params":{"token":"backgroundIndexProgress","value":{"message":"15/27","percentage":55.55555555555556,"kind":"report"}},"jsonrpc":"2.0"}Content-Length: 159

{"method":"$/progress","params":{"token":"backgroundIndexProgress","value":{"message":"15/27","percentage":55.55555555555556,"kind":"report"}},"jsonrpc":"2.0"}Content-Length: 159

{"method":"$/progress","params":{"token":"backgroundIndexProgress","value":{"message":"16/27","percentage":59.25925925925926,"kind":"report"}},"jsonrpc":"2.0"}Content-Length: 159

{"method":"$/progress","params":{"token":"backgroundIndexProgress","value":{"message":"17/27","percentage":62.96296296296296,"kind":"report"}},"jsonrpc":"2.0"}Content-Length: 159

{"method":"$/progress","params":{"token":"backgroundIndexProgress","value":{"message":"18/27","percentage":66.66666666666667,"kind":"report"}},"jsonrpc":"2.0"}Content-Length: 159

{"method":"$/progress","params":{"token":"backgroundIndexProgress","value":{"message":"18/27","percentage":66.66666666666667,"kind":"report"}},"jsonrpc":"2.0"}Content-Length: 159

{"method":"$/progress","params":{"token":"backgroundIndexProgress","value":{"message":"19/27","percentage":70.37037037037037,"kind":"report"}},"jsonrpc":"2.0"}Content-Length: 159

{"method":"$/progress","params":{"token":"backgroundIndexProgress","value":{"message":"20/27","percentage":74.07407407407408,"kind":"report"}},"jsonrpc":"2.0"}Content-Length: 159

{"method":"$/progress","params":{"token":"backgroundIndexProgress","value":{"message":"20/27","percentage":74.07407407407408,"kind":"report"}},"jsonrpc":"2.0"}Content-Length: 159

{"method":"$/progress","params":{"token":"backgroundIndexProgress","value":{"message":"21/27","percentage":77.77777777777777,"kind":"report"}},"jsonrpc":"2.0"}Content-Length: 159

{"method":"$/progress","params":{"token":"backgroundIndexProgress","value":{"message":"21/27","percentage":77.77777777777777,"kind":"report"}},"jsonrpc":"2.0"}Content-Length: 159

{"method":"$/progress","params":{"token":"backgroundIndexProgress","value":{"message":"22/27","percentage":81.48148148148148,"kind":"report"}},"jsonrpc":"2.0"}Content-Length: 159

{"method":"$/progress","params":{"token":"backgroundIndexProgress","value":{"message":"22/27","percentage":81.48148148148148,"kind":"report"}},"jsonrpc":"2.0"}Content-Length: 159

{"method":"$/progress","params":{"token":"backgroundIndexProgress","value":{"message":"23/27","percentage":85.18518518518519,"kind":"report"}},"jsonrpc":"2.0"}Content-Length: 159

{"method":"$/progress","params":{"token":"backgroundIndexProgress","value":{"message":"23/27","percentage":85.18518518518519,"kind":"report"}},"jsonrpc":"2.0"}Content-Length: 159

{"method":"$/progress","params":{"token":"backgroundIndexProgress","value":{"message":"24/27","percentage":88.88888888888889,"kind":"report"}},"jsonrpc":"2.0"}Content-Length: 158

{"method":"$/progress","params":{"token":"backgroundIndexProgress","value":{"message":"25/27","percentage":92.5925925925926,"kind":"report"}},"jsonrpc":"2.0"}Content-Length: 159

{"method":"$/progress","params":{"token":"backgroundIndexProgress","value":{"message":"26/27","percentage":96.29629629629629,"kind":"report"}},"jsonrpc":"2.0"}Content-Length: 107

{"method":"$/progress","params":{"token":"backgroundIndexProgress","value":{"kind":"end"}},"jsonrpc":"2.0"}
<<<
Content-Length: 346

{"jsonrpc":"2.0","id":2,"method":"textDocument/codeAction","params":{"textDocument":{"uri":"file:///c%3A/Users/NEXT/Documents/Arduino/Multitasking_usando_delay___-_Arduino_720P_HD__12/Multitasking_usando_delay___-_Arduino_720P_HD__12.ino"},"range":{"start":{"line":38,"character":1},"end":{"line":38,"character":1}},"context":{"diagnostics":[]}}}
>>>
Content-Length: 36

{"id":2,"result":[],"jsonrpc":"2.0"}
<<<
Content-Length: 274

{"jsonrpc":"2.0","id":3,"method":"textDocument/hover","params":{"textDocument":{"uri":"file:///c%3A/Users/NEXT/Documents/Arduino/Multitasking_usando_delay___-_Arduino_720P_HD__12/Multitasking_usando_delay___-_Arduino_720P_HD__12.ino"},"position":{"line":41,"character":48}}}
>>>
Content-Length: 38

{"id":3,"result":null,"jsonrpc":"2.0"}
<<<
Content-Length: 348

{"jsonrpc":"2.0","id":4,"method":"textDocument/codeAction","params":{"textDocument":{"uri":"file:///c%3A/Users/NEXT/Documents/Arduino/Multitasking_usando_delay___-_Arduino_720P_HD__12/Multitasking_usando_delay___-_Arduino_720P_HD__12.ino"},"range":{"start":{"line":52,"character":36},"end":{"line":52,"character":36}},"context":{"diagnostics":[]}}}
>>>
Content-Length: 36

{"id":4,"result":[],"jsonrpc":"2.0"}
<<<
Content-Length: 58

{"jsonrpc":"2.0","id":5,"method":"shutdown","params":null}
>>>
Content-Length: 38

{"id":5,"result":null,"jsonrpc":"2.0"}
<<<
Content-Length: 47

{"jsonrpc":"2.0","method":"exit","params":null}






Started logging.

<<<
Content-Length: 3207

{"jsonrpc":"2.0","id":0,"method":"initialize","params":{"processId":1700,"clientInfo":{"name":"vscode","version":"1.50.0"},"rootPath":"c:\\Users\\NEXT\\Documents\\Arduino\\Multitasking_usando_delay___-_Arduino_720P_HD__12","rootUri":"file:///c%3A/Users/NEXT/Documents/Arduino/Multitasking_usando_delay___-_Arduino_720P_HD__12","capabilities":{"workspace":{"applyEdit":true,"workspaceEdit":{"documentChanges":true,"resourceOperations":["create","rename","delete"],"failureHandling":"textOnlyTransactional"},"didChangeConfiguration":{"dynamicRegistration":true},"didChangeWatchedFiles":{"dynamicRegistration":true},"symbol":{"dynamicRegistration":true,"symbolKind":{"valueSet":[1,2,3,4,5,6,7,8,9,10,11,12,13,14,15,16,17,18,19,20,21,22,23,24,25,26]}},"executeCommand":{"dynamicRegistration":true},"configuration":true,"workspaceFolders":true},"textDocument":{"publishDiagnostics":{"relatedInformation":true,"versionSupport":false,"tagSupport":{"valueSet":[1,2]}},"synchronization":{"dynamicRegistration":true,"willSave":true,"willSaveWaitUntil":true,"didSave":true},"completion":{"dynamicRegistration":true,"contextSupport":true,"completionItem":{"snippetSupport":true,"commitCharactersSupport":true,"documentationFormat":["markdown","plaintext"],"deprecatedSupport":true,"preselectSupport":true,"tagSupport":{"valueSet":[1]}},"completionItemKind":{"valueSet":[1,2,3,4,5,6,7,8,9,10,11,12,13,14,15,16,17,18,19,20,21,22,23,24,25]}},"hover":{"dynamicRegistration":true,"contentFormat":["markdown","plaintext"]},"signatureHelp":{"dynamicRegistration":true,"signatureInformation":{"documentationFormat":["markdown","plaintext"],"parameterInformation":{"labelOffsetSupport":true}},"contextSupport":true},"definition":{"dynamicRegistration":true,"linkSupport":true},"references":{"dynamicRegistration":true},"documentHighlight":{"dynamicRegistration":true},"documentSymbol":{"dynamicRegistration":true,"symbolKind":{"valueSet":[1,2,3,4,5,6,7,8,9,10,11,12,13,14,15,16,17,18,19,20,21,22,23,24,25,26]},"hierarchicalDocumentSymbolSupport":true},"codeAction":{"dynamicRegistration":true,"isPreferredSupport":true,"codeActionLiteralSupport":{"codeActionKind":{"valueSet":["","quickfix","refactor","refactor.extract","refactor.inline","refactor.rewrite","source","source.organizeImports"]}}},"codeLens":{"dynamicRegistration":true},"formatting":{"dynamicRegistration":true},"rangeFormatting":{"dynamicRegistration":true},"onTypeFormatting":{"dynamicRegistration":true},"rename":{"dynamicRegistration":true,"prepareSupport":true},"documentLink":{"dynamicRegistration":true,"tooltipSupport":true},"typeDefinition":{"dynamicRegistration":true,"linkSupport":true},"implementation":{"dynamicRegistration":true,"linkSupport":true},"colorProvider":{"dynamicRegistration":true},"foldingRange":{"dynamicRegistration":true,"rangeLimit":5000,"lineFoldingOnly":true},"declaration":{"dynamicRegistration":true,"linkSupport":true},"selectionRange":{"dynamicRegistration":true}},"window":{"workDoneProgress":true}},"initializationOptions":{},"trace":"off","workspaceFolders":[{"uri":"file:///c%3A/Users/NEXT/Documents/Arduino/Multitasking_usando_delay___-_Arduino_720P_HD__12","name":"Multitasking_usando_delay___-_Arduino_720P_HD__12"}]}}
>>>
Content-Length: 598

{"id":0,"result":{"capabilities":{"textDocumentSync":2,"hoverProvider":true,"completionProvider":{"triggerCharacters":[".","\u003e",":"]},"signatureHelpProvider":{"triggerCharacters":["(",","]},"definitionProvider":true,"documentHighlightProvider":true,"documentSymbolProvider":true,"workspaceSymbolProvider":true,"codeActionProvider":true,"documentFormattingProvider":true,"documentRangeFormattingProvider":true,"documentOnTypeFormattingProvider":{"firstTriggerCharacter":"\n"},"renameProvider":false,"executeCommandProvider":{"commands":["clangd.applyFix","clangd.applyTweak"]}}},"jsonrpc":"2.0"}
<<<
Content-Length: 52

{"jsonrpc":"2.0","method":"initialized","params":{}}Content-Length: 1708

{"jsonrpc":"2.0","method":"textDocument/didOpen","params":{"textDocument":{"uri":"file:///c%3A/Users/NEXT/Documents/Arduino/Multitasking_usando_delay___-_Arduino_720P_HD__12/Multitasking_usando_delay___-_Arduino_720P_HD__12.ino","languageId":"cpp","version":1,"text":"#define pinLed 6\r\n#define pinLed2 7\r\n#define pinBtn 5\r\nint count = 0;\r\nint count2 = 0;\r\n\r\nvoid setup() {\r\n  // put your setup code here, to run once:\r\n  Serial.begin(9600);\r\n  pinMode(pinLed, OUTPUT );\r\n  pinMode(pinLed2, OUTPUT );\r\n  pinMode(pinBtn, INPUT );// pinMode(pinBtn, INPUT_PULLUP ); si no quiero poner resitencia\r\n\r\n  digitalWrite(pinLed, HIGH);\r\n  delay(1000);\r\n  digitalWrite(pinLed, LOW);\r\n}\r\n\r\nvoid loop() {\r\n  // put your main code here, to run repeatedly:\r\n  count++;\r\n  count2++;\r\n  delay(10);\r\n\r\n  lecturaBtn();\r\n\r\n  \r\n  if(count == 100){\r\n   ledAzul();\r\n  }\r\n  if(count2 == 50){\r\n    ledRojo();\r\n  }\r\n}\r\n\r\nvoid lecturaBtn(){\r\n  int lectura = digitalRead(pinBtn);\r\n  Serial.println(lectura);\r\n}\r\n\r\nvoid ledAzul(){\r\n  int estadoLed = digitalRead(pinLed);//lee estado led actual\r\n   digitalWrite(pinLed, !estadoLed);//escribir estado led pero invertido si es 0 lee 1\r\n   count = 0;//resetear a cero\r\n}\r\n\r\nvoid ledRojo(){\r\n  int estadoLed = digitalRead(pinLed2);//lee estado led actual\r\n   digitalWrite(pinLed2, !estadoLed);//escribir estado led pero invertido si es 0 lee 1\r\n   count2 = 0;//resetear a cero\r\n}\r\n/*\r\n *int lectura = digitalRead(pinBtn);\r\n  Serial.println(lectura);\r\n  delay(100);\r\n\r\n  \r\n  digitalWrite(pinLed, 1);\r\n  delay(1000);\r\n  digitalWrite(pinLed, 0);\r\n  delay(1000);\r\n */\r\n"}}}Content-Length: 348

{"jsonrpc":"2.0","id":1,"method":"textDocument/codeAction","params":{"textDocument":{"uri":"file:///c%3A/Users/NEXT/Documents/Arduino/Multitasking_usando_delay___-_Arduino_720P_HD__12/Multitasking_usando_delay___-_Arduino_720P_HD__12.ino"},"range":{"start":{"line":52,"character":36},"end":{"line":52,"character":36}},"context":{"diagnostics":[]}}}
>>>
Content-Length: 111

{"method":"window/workDoneProgress/create","params":{"token":"backgroundIndexProgress"},"id":0,"jsonrpc":"2.0"}Content-Length: 36

{"id":1,"result":[],"jsonrpc":"2.0"}
<<<
Content-Length: 38

{"jsonrpc":"2.0","id":0,"result":null}
>>>
Content-Length: 143

{"method":"$/progress","params":{"token":"backgroundIndexProgress","value":{"title":"indexing","percentage":0,"kind":"begin"}},"jsonrpc":"2.0"}Content-Length: 159

{"method":"$/progress","params":{"token":"backgroundIndexProgress","value":{"message":"1/27","percentage":3.7037037037037037,"kind":"report"}},"jsonrpc":"2.0"}Content-Length: 158

{"method":"$/progress","params":{"token":"backgroundIndexProgress","value":{"message":"2/27","percentage":7.407407407407407,"kind":"report"}},"jsonrpc":"2.0"}Content-Length: 158

{"method":"$/progress","params":{"token":"backgroundIndexProgress","value":{"message":"3/27","percentage":11.11111111111111,"kind":"report"}},"jsonrpc":"2.0"}Content-Length: 159

{"method":"$/progress","params":{"token":"backgroundIndexProgress","value":{"message":"4/27","percentage":14.814814814814815,"kind":"report"}},"jsonrpc":"2.0"}Content-Length: 159

{"method":"$/progress","params":{"token":"backgroundIndexProgress","value":{"message":"4/27","percentage":14.814814814814815,"kind":"report"}},"jsonrpc":"2.0"}Content-Length: 158

{"method":"$/progress","params":{"token":"backgroundIndexProgress","value":{"message":"5/27","percentage":18.51851851851852,"kind":"report"}},"jsonrpc":"2.0"}Content-Length: 158

{"method":"$/progress","params":{"token":"backgroundIndexProgress","value":{"message":"5/27","percentage":18.51851851851852,"kind":"report"}},"jsonrpc":"2.0"}Content-Length: 158

{"method":"$/progress","params":{"token":"backgroundIndexProgress","value":{"message":"6/27","percentage":22.22222222222222,"kind":"report"}},"jsonrpc":"2.0"}Content-Length: 158

{"method":"$/progress","params":{"token":"backgroundIndexProgress","value":{"message":"6/27","percentage":22.22222222222222,"kind":"report"}},"jsonrpc":"2.0"}Content-Length: 159

{"method":"$/progress","params":{"token":"backgroundIndexProgress","value":{"message":"7/27","percentage":25.925925925925927,"kind":"report"}},"jsonrpc":"2.0"}Content-Length: 158

{"method":"$/progress","params":{"token":"backgroundIndexProgress","value":{"message":"8/27","percentage":29.62962962962963,"kind":"report"}},"jsonrpc":"2.0"}Content-Length: 159

{"method":"$/progress","params":{"token":"backgroundIndexProgress","value":{"message":"9/27","percentage":33.333333333333336,"kind":"report"}},"jsonrpc":"2.0"}Content-Length: 159

{"method":"$/progress","params":{"token":"backgroundIndexProgress","value":{"message":"9/27","percentage":33.333333333333336,"kind":"report"}},"jsonrpc":"2.0"}Content-Length: 159

{"method":"$/progress","params":{"token":"backgroundIndexProgress","value":{"message":"10/27","percentage":37.03703703703704,"kind":"report"}},"jsonrpc":"2.0"}Content-Length: 159

{"method":"$/progress","params":{"token":"backgroundIndexProgress","value":{"message":"11/27","percentage":40.74074074074074,"kind":"report"}},"jsonrpc":"2.0"}Content-Length: 159

{"method":"$/progress","params":{"token":"backgroundIndexProgress","value":{"message":"12/27","percentage":44.44444444444444,"kind":"report"}},"jsonrpc":"2.0"}Content-Length: 160

{"method":"$/progress","params":{"token":"backgroundIndexProgress","value":{"message":"13/27","percentage":48.148148148148145,"kind":"report"}},"jsonrpc":"2.0"}Content-Length: 160

{"method":"$/progress","params":{"token":"backgroundIndexProgress","value":{"message":"14/27","percentage":51.851851851851855,"kind":"report"}},"jsonrpc":"2.0"}Content-Length: 159

{"method":"$/progress","params":{"token":"backgroundIndexProgress","value":{"message":"15/27","percentage":55.55555555555556,"kind":"report"}},"jsonrpc":"2.0"}Content-Length: 159

{"method":"$/progress","params":{"token":"backgroundIndexProgress","value":{"message":"16/27","percentage":59.25925925925926,"kind":"report"}},"jsonrpc":"2.0"}Content-Length: 159

{"method":"$/progress","params":{"token":"backgroundIndexProgress","value":{"message":"17/27","percentage":62.96296296296296,"kind":"report"}},"jsonrpc":"2.0"}Content-Length: 159

{"method":"$/progress","params":{"token":"backgroundIndexProgress","value":{"message":"18/27","percentage":66.66666666666667,"kind":"report"}},"jsonrpc":"2.0"}Content-Length: 159

{"method":"$/progress","params":{"token":"backgroundIndexProgress","value":{"message":"19/27","percentage":70.37037037037037,"kind":"report"}},"jsonrpc":"2.0"}Content-Length: 159

{"method":"$/progress","params":{"token":"backgroundIndexProgress","value":{"message":"19/27","percentage":70.37037037037037,"kind":"report"}},"jsonrpc":"2.0"}Content-Length: 159

{"method":"$/progress","params":{"token":"backgroundIndexProgress","value":{"message":"20/27","percentage":74.07407407407408,"kind":"report"}},"jsonrpc":"2.0"}Content-Length: 159

{"method":"$/progress","params":{"token":"backgroundIndexProgress","value":{"message":"21/27","percentage":77.77777777777777,"kind":"report"}},"jsonrpc":"2.0"}Content-Length: 159

{"method":"$/progress","params":{"token":"backgroundIndexProgress","value":{"message":"22/27","percentage":81.48148148148148,"kind":"report"}},"jsonrpc":"2.0"}Content-Length: 159

{"method":"$/progress","params":{"token":"backgroundIndexProgress","value":{"message":"23/27","percentage":85.18518518518519,"kind":"report"}},"jsonrpc":"2.0"}Content-Length: 159

{"method":"$/progress","params":{"token":"backgroundIndexProgress","value":{"message":"23/27","percentage":85.18518518518519,"kind":"report"}},"jsonrpc":"2.0"}Content-Length: 159

{"method":"$/progress","params":{"token":"backgroundIndexProgress","value":{"message":"24/27","percentage":88.88888888888889,"kind":"report"}},"jsonrpc":"2.0"}Content-Length: 158

{"method":"$/progress","params":{"token":"backgroundIndexProgress","value":{"message":"25/27","percentage":92.5925925925926,"kind":"report"}},"jsonrpc":"2.0"}Content-Length: 159

{"method":"$/progress","params":{"token":"backgroundIndexProgress","value":{"message":"26/27","percentage":96.29629629629629,"kind":"report"}},"jsonrpc":"2.0"}Content-Length: 107

{"method":"$/progress","params":{"token":"backgroundIndexProgress","value":{"kind":"end"}},"jsonrpc":"2.0"}
<<<
Content-Length: 58

{"jsonrpc":"2.0","id":2,"method":"shutdown","params":null}
>>>
Content-Length: 38

{"id":2,"result":null,"jsonrpc":"2.0"}
<<<
Content-Length: 47

{"jsonrpc":"2.0","method":"exit","params":null}